=== creating dependency file: .build_debug/FV.l ===
make/dep.py "debug/FV" .build_debug/FV.l .build_debug .build_debug/FV.d  > .build_debug/FV.l
=== linking: debug/FV ===
g++ -L/usr/local/lib -pipe -Wall -ggdb -o debug/FV .build_debug/FV.o -lboost_program_options -lboost_regex -lboost_system -lboost_filesystem -lopencv_core -lopencv_imgproc -lopencv_video -lopencv_nonfree -lopencv_features2d -lopencv_flann -lopencv_calib3d -lopencv_objdetect -lopencv_legacy -lopencv_highgui -lavformat -lavutil -lavcodec -lswscale -lz
=== done ===
make: Nothing to be done for 'all'.
mkdir: cannot create directory '../../../remote/Data/feats/mbh': File exists
mkdir: cannot create directory '../../../remote/Data/feats/w': File exists
./vl_fisher/vlfisher 
start to generate fisher vector
read Gmm from  ../../../remote/Data/Vocab/mbh.gmmmeans
read Gmm from  ../../../remote/Data/Vocab/mbh.gmmcovariances
read Gmm from  ../../../remote/Data/Vocab/mbh.gmmpriors
../../../remote/Data/descriptor/actioncliptrain00001
get DescriptorFromFile function to get fisher vector
../../../remote/Data/feats/mbh/actioncliptrain00001-fv saved
../../../remote/Data/descriptor/actioncliptrain00002
get DescriptorFromFile function to get fisher vector
../../../remote/Data/feats/mbh/actioncliptrain00002-fv saved
../../../remote/Data/descriptor/actioncliptrain00003
get DescriptorFromFile function to get fisher vector
../../../remote/Data/feats/mbh/actioncliptrain00003-fv saved
../../../remote/Data/descriptor/actioncliptrain00004
get DescriptorFromFile function to get fisher vector
../../../remote/Data/feats/mbh/actioncliptrain00004-fv saved
../../../remote/Data/descriptor/actioncliptrain00005
get DescriptorFromFile function to get fisher vector
../../../remote/Data/feats/mbh/actioncliptrain00005-fv saved
../../../remote/Data/descriptor/actioncliptrain00006
get DescriptorFromFile function to get fisher vector
../../../remote/Data/feats/mbh/actioncliptrain00006-fv saved
../../../remote/Data/descriptor/actioncliptrain00007
get DescriptorFromFile function to get fisher vector
../../../remote/Data/feats/mbh/actioncliptrain00007-fv saved
../../../remote/Data/descriptor/actioncliptrain00008
get DescriptorFromFile function to get fisher vector
../../../remote/Data/feats/mbh/actioncliptrain00008-fv saved
../../../remote/Data/descriptor/actioncliptrain00009
get DescriptorFromFile function to get fisher vector
../../../remote/Data/feats/mbh/actioncliptrain00009-fv saved
../../../remote/Data/descriptor/actioncliptrain00010
get DescriptorFromFile function to get fisher vector
../../../remote/Data/feats/mbh/actioncliptrain00010-fv saved
../../../remote/Data/descriptor/actioncliptrain00011
get DescriptorFromFile function to get fisher vector
../../../remote/Data/feats/mbh/actioncliptrain00011-fv saved
../../../remote/Data/descriptor/actioncliptrain00012
get DescriptorFromFile function to get fisher vector
../../../remote/Data/feats/mbh/actioncliptrain00012-fv saved
../../../remote/Data/descriptor/actioncliptrain00013
get DescriptorFromFile function to get fisher vector
../../../remote/Data/feats/mbh/actioncliptrain00013-fv saved
../../../remote/Data/descriptor/actioncliptrain00014
get DescriptorFromFile function to get fisher vector
../../../remote/Data/feats/mbh/actioncliptrain00014-fv saved
../../../remote/Data/descriptor/actioncliptrain00015
get DescriptorFromFile function to get fisher vector
../../../remote/Data/feats/mbh/actioncliptrain00015-fv saved
../../../remote/Data/descriptor/actioncliptrain00016
get DescriptorFromFile function to get fisher vector
../../../remote/Data/feats/mbh/actioncliptrain00016-fv saved
../../../remote/Data/descriptor/actioncliptrain00017
get DescriptorFromFile function to get fisher vector
../../../remote/Data/feats/mbh/actioncliptrain00017-fv saved
../../../remote/Data/descriptor/actioncliptrain00018
get DescriptorFromFile function to get fisher vector
../../../remote/Data/feats/mbh/actioncliptrain00018-fv saved
../../../remote/Data/descriptor/actioncliptrain00019
get DescriptorFromFile function to get fisher vector
../../../remote/Data/feats/mbh/actioncliptrain00019-fv saved
../../../remote/Data/descriptor/actioncliptrain00020
get DescriptorFromFile function to get fisher vector
../../../remote/Data/feats/mbh/actioncliptrain00020-fv saved
../../../remote/Data/descriptor/actioncliptrain00021
get DescriptorFromFile function to get fisher vector
../../../remote/Data/feats/mbh/actioncliptrain00021-fv saved
../../../remote/Data/descriptor/actioncliptrain00022
get DescriptorFromFile function to get fisher vector
../../../remote/Data/feats/mbh/actioncliptrain00022-fv saved
../../../remote/Data/descriptor/actioncliptrain00023
get DescriptorFromFile function to get fisher vector
../../../remote/Data/feats/mbh/actioncliptrain00023-fv saved
../../../remote/Data/descriptor/actioncliptrain00024
get DescriptorFromFile function to get fisher vector
../../../remote/Data/feats/mbh/actioncliptrain00024-fv saved
../../../remote/Data/descriptor/actioncliptrain00025
get DescriptorFromFile function to get fisher vector
../../../remote/Data/feats/mbh/actioncliptrain00025-fv saved
../../../remote/Data/descriptor/actioncliptrain00026
get DescriptorFromFile function to get fisher vector
../../../remote/Data/feats/mbh/actioncliptrain00026-fv saved
../../../remote/Data/descriptor/actioncliptrain00027
get DescriptorFromFile function to get fisher vector
../../../remote/Data/feats/mbh/actioncliptrain00027-fv saved
../../../remote/Data/descriptor/actioncliptrain00028
get DescriptorFromFile function to get fisher vector
../../../remote/Data/feats/mbh/actioncliptrain00028-fv saved
../../../remote/Data/descriptor/actioncliptrain00029
get DescriptorFromFile function to get fisher vector
../../../remote/Data/feats/mbh/actioncliptrain00029-fv saved
../../../remote/Data/descriptor/actioncliptrain00030
get DescriptorFromFile function to get fisher vector
../../../remote/Data/feats/mbh/actioncliptrain00030-fv saved
../../../remote/Data/descriptor/actioncliptrain00031
get DescriptorFromFile function to get fisher vector
../../../remote/Data/feats/mbh/actioncliptrain00031-fv saved
../../../remote/Data/descriptor/actioncliptrain00032
get DescriptorFromFile function to get fisher vector
../../../remote/Data/feats/mbh/actioncliptrain00032-fv saved
../../../remote/Data/descriptor/actioncliptrain00033
get DescriptorFromFile function to get fisher vector
../../../remote/Data/feats/mbh/actioncliptrain00033-fv saved
../../../remote/Data/descriptor/actioncliptrain00034
get DescriptorFromFile function to get fisher vector
../../../remote/Data/feats/mbh/actioncliptrain00034-fv saved
../../../remote/Data/descriptor/actioncliptrain00035
get DescriptorFromFile function to get fisher vector
../../../remote/Data/feats/mbh/actioncliptrain00035-fv saved
../../../remote/Data/descriptor/actioncliptrain00036
get DescriptorFromFile function to get fisher vector
../../../remote/Data/feats/mbh/actioncliptrain00036-fv saved
../../../remote/Data/descriptor/actioncliptrain00037
get DescriptorFromFile function to get fisher vector
../../../remote/Data/feats/mbh/actioncliptrain00037-fv saved
../../../remote/Data/descriptor/actioncliptrain00038
get DescriptorFromFile function to get fisher vector
../../../remote/Data/feats/mbh/actioncliptrain00038-fv saved
../../../remote/Data/descriptor/actioncliptrain00039
get DescriptorFromFile function to get fisher vector
../../../remote/Data/feats/mbh/actioncliptrain00039-fv saved
../../../remote/Data/descriptor/actioncliptrain00040
get DescriptorFromFile function to get fisher vector
../../../remote/Data/feats/mbh/actioncliptrain00040-fv saved
../../../remote/Data/descriptor/actioncliptrain00041
get DescriptorFromFile function to get fisher vector
../../../remote/Data/feats/mbh/actioncliptrain00041-fv saved
../../../remote/Data/descriptor/actioncliptrain00042
get DescriptorFromFile function to get fisher vector
../../../remote/Data/feats/mbh/actioncliptrain00042-fv saved
../../../remote/Data/descriptor/actioncliptrain00043
get DescriptorFromFile function to get fisher vector
../../../remote/Data/feats/mbh/actioncliptrain00043-fv saved
../../../remote/Data/descriptor/actioncliptrain00044
get DescriptorFromFile function to get fisher vector
../../../remote/Data/feats/mbh/actioncliptrain00044-fv saved
../../../remote/Data/descriptor/actioncliptrain00045
get DescriptorFromFile function to get fisher vector
../../../remote/Data/feats/mbh/actioncliptrain00045-fv saved
../../../remote/Data/descriptor/actioncliptrain00046
get DescriptorFromFile function to get fisher vector
../../../remote/Data/feats/mbh/actioncliptrain00046-fv saved
../../../remote/Data/descriptor/actioncliptrain00047
get DescriptorFromFile function to get fisher vector
../../../remote/Data/feats/mbh/actioncliptrain00047-fv saved
../../../remote/Data/descriptor/actioncliptrain00048
get DescriptorFromFile function to get fisher vector
../../../remote/Data/feats/mbh/actioncliptrain00048-fv saved
../../../remote/Data/descriptor/actioncliptrain00049
get DescriptorFromFile function to get fisher vector
../../../remote/Data/feats/mbh/actioncliptrain00049-fv saved
../../../remote/Data/descriptor/actioncliptrain00050
get DescriptorFromFile function to get fisher vector
../../../remote/Data/feats/mbh/actioncliptrain00050-fv saved
../../../remote/Data/descriptor/actioncliptrain00051
get DescriptorFromFile function to get fisher vector
../../../remote/Data/feats/mbh/actioncliptrain00051-fv saved
../../../remote/Data/descriptor/actioncliptrain00052
get DescriptorFromFile function to get fisher vector
../../../remote/Data/feats/mbh/actioncliptrain00052-fv saved
../../../remote/Data/descriptor/actioncliptrain00053
get DescriptorFromFile function to get fisher vector
../../../remote/Data/feats/mbh/actioncliptrain00053-fv saved
../../../remote/Data/descriptor/actioncliptrain00054
get DescriptorFromFile function to get fisher vector
../../../remote/Data/feats/mbh/actioncliptrain00054-fv saved
../../../remote/Data/descriptor/actioncliptrain00055
get DescriptorFromFile function to get fisher vector
../../../remote/Data/feats/mbh/actioncliptrain00055-fv saved
../../../remote/Data/descriptor/actioncliptrain00056
get DescriptorFromFile function to get fisher vector
../../../remote/Data/feats/mbh/actioncliptrain00056-fv saved
../../../remote/Data/descriptor/actioncliptrain00057
get DescriptorFromFile function to get fisher vector
../../../remote/Data/feats/mbh/actioncliptrain00057-fv saved
../../../remote/Data/descriptor/actioncliptrain00058
get DescriptorFromFile function to get fisher vector
../../../remote/Data/feats/mbh/actioncliptrain00058-fv saved
../../../remote/Data/descriptor/actioncliptrain00059
get DescriptorFromFile function to get fisher vector
../../../remote/Data/feats/mbh/actioncliptrain00059-fv saved
../../../remote/Data/descriptor/actioncliptrain00060
get DescriptorFromFile function to get fisher vector
../../../remote/Data/feats/mbh/actioncliptrain00060-fv saved
../../../remote/Data/descriptor/actioncliptrain00061
get DescriptorFromFile function to get fisher vector
../../../remote/Data/feats/mbh/actioncliptrain00061-fv saved
../../../remote/Data/descriptor/actioncliptrain00062
get DescriptorFromFile function to get fisher vector
../../../remote/Data/feats/mbh/actioncliptrain00062-fv saved
../../../remote/Data/descriptor/actioncliptrain00063
get DescriptorFromFile function to get fisher vector
../../../remote/Data/feats/mbh/actioncliptrain00063-fv saved
../../../remote/Data/descriptor/actioncliptrain00064
get DescriptorFromFile function to get fisher vector
../../../remote/Data/feats/mbh/actioncliptrain00064-fv saved
../../../remote/Data/descriptor/actioncliptrain00065
get DescriptorFromFile function to get fisher vector
../../../remote/Data/feats/mbh/actioncliptrain00065-fv saved
../../../remote/Data/descriptor/actioncliptrain00066
get DescriptorFromFile function to get fisher vector
../../../remote/Data/feats/mbh/actioncliptrain00066-fv saved
../../../remote/Data/descriptor/actioncliptrain00067
get DescriptorFromFile function to get fisher vector
../../../remote/Data/feats/mbh/actioncliptrain00067-fv saved
../../../remote/Data/descriptor/actioncliptrain00068
get DescriptorFromFile function to get fisher vector
../../../remote/Data/feats/mbh/actioncliptrain00068-fv saved
../../../remote/Data/descriptor/actioncliptrain00069
get DescriptorFromFile function to get fisher vector
../../../remote/Data/feats/mbh/actioncliptrain00069-fv saved
../../../remote/Data/descriptor/actioncliptrain00070
get DescriptorFromFile function to get fisher vector
../../../remote/Data/feats/mbh/actioncliptrain00070-fv saved
../../../remote/Data/descriptor/actioncliptrain00071
get DescriptorFromFile function to get fisher vector
../../../remote/Data/feats/mbh/actioncliptrain00071-fv saved
../../../remote/Data/descriptor/actioncliptrain00072
get DescriptorFromFile function to get fisher vector
../../../remote/Data/feats/mbh/actioncliptrain00072-fv saved
../../../remote/Data/descriptor/actioncliptrain00073
get DescriptorFromFile function to get fisher vector
../../../remote/Data/feats/mbh/actioncliptrain00073-fv saved
../../../remote/Data/descriptor/actioncliptrain00074
get DescriptorFromFile function to get fisher vector
../../../remote/Data/feats/mbh/actioncliptrain00074-fv saved
../../../remote/Data/descriptor/actioncliptrain00075
get DescriptorFromFile function to get fisher vector
../../../remote/Data/feats/mbh/actioncliptrain00075-fv saved
../../../remote/Data/descriptor/actioncliptrain00076
get DescriptorFromFile function to get fisher vector
../../../remote/Data/feats/mbh/actioncliptrain00076-fv saved
../../../remote/Data/descriptor/actioncliptrain00077
get DescriptorFromFile function to get fisher vector
../../../remote/Data/feats/mbh/actioncliptrain00077-fv saved
../../../remote/Data/descriptor/actioncliptrain00078
get DescriptorFromFile function to get fisher vector
../../../remote/Data/feats/mbh/actioncliptrain00078-fv saved
../../../remote/Data/descriptor/actioncliptrain00079
get DescriptorFromFile function to get fisher vector
../../../remote/Data/feats/mbh/actioncliptrain00079-fv saved
../../../remote/Data/descriptor/actioncliptrain00080
get DescriptorFromFile function to get fisher vector
../../../remote/Data/feats/mbh/actioncliptrain00080-fv saved
../../../remote/Data/descriptor/actioncliptrain00081
get DescriptorFromFile function to get fisher vector
../../../remote/Data/feats/mbh/actioncliptrain00081-fv saved
../../../remote/Data/descriptor/actioncliptrain00082
get DescriptorFromFile function to get fisher vector
../../../remote/Data/feats/mbh/actioncliptrain00082-fv saved
../../../remote/Data/descriptor/actioncliptrain00083
get DescriptorFromFile function to get fisher vector
../../../remote/Data/feats/mbh/actioncliptrain00083-fv saved
../../../remote/Data/descriptor/actioncliptrain00084
get DescriptorFromFile function to get fisher vector
../../../remote/Data/feats/mbh/actioncliptrain00084-fv saved
../../../remote/Data/descriptor/actioncliptrain00085
get DescriptorFromFile function to get fisher vector
../../../remote/Data/feats/mbh/actioncliptrain00085-fv saved
../../../remote/Data/descriptor/actioncliptrain00086
get DescriptorFromFile function to get fisher vector
../../../remote/Data/feats/mbh/actioncliptrain00086-fv saved
../../../remote/Data/descriptor/actioncliptrain00087
get DescriptorFromFile function to get fisher vector
../../../remote/Data/feats/mbh/actioncliptrain00087-fv saved
../../../remote/Data/descriptor/actioncliptrain00088
get DescriptorFromFile function to get fisher vector
../../../remote/Data/feats/mbh/actioncliptrain00088-fv saved
../../../remote/Data/descriptor/actioncliptrain00089
get DescriptorFromFile function to get fisher vector
../../../remote/Data/feats/mbh/actioncliptrain00089-fv saved
../../../remote/Data/descriptor/actioncliptrain00090
get DescriptorFromFile function to get fisher vector
../../../remote/Data/feats/mbh/actioncliptrain00090-fv saved
../../../remote/Data/descriptor/actioncliptrain00091
get DescriptorFromFile function to get fisher vector
../../../remote/Data/feats/mbh/actioncliptrain00091-fv saved
../../../remote/Data/descriptor/actioncliptrain00092
get DescriptorFromFile function to get fisher vector
../../../remote/Data/feats/mbh/actioncliptrain00092-fv saved
../../../remote/Data/descriptor/actioncliptrain00093
get DescriptorFromFile function to get fisher vector
../../../remote/Data/feats/mbh/actioncliptrain00093-fv saved
../../../remote/Data/descriptor/actioncliptrain00094
get DescriptorFromFile function to get fisher vector
../../../remote/Data/feats/mbh/actioncliptrain00094-fv saved
../../../remote/Data/descriptor/actioncliptrain00095
get DescriptorFromFile function to get fisher vector
../../../remote/Data/feats/mbh/actioncliptrain00095-fv saved
../../../remote/Data/descriptor/actioncliptrain00096
get DescriptorFromFile function to get fisher vector
../../../remote/Data/feats/mbh/actioncliptrain00096-fv saved
../../../remote/Data/descriptor/actioncliptrain00097
get DescriptorFromFile function to get fisher vector
../../../remote/Data/feats/mbh/actioncliptrain00097-fv saved
../../../remote/Data/descriptor/actioncliptrain00098
get DescriptorFromFile function to get fisher vector
../../../remote/Data/feats/mbh/actioncliptrain00098-fv saved
../../../remote/Data/descriptor/actioncliptrain00099
get DescriptorFromFile function to get fisher vector
../../../remote/Data/feats/mbh/actioncliptrain00099-fv saved
../../../remote/Data/descriptor/actioncliptrain00100
get DescriptorFromFile function to get fisher vector
../../../remote/Data/feats/mbh/actioncliptrain00100-fv saved
../../../remote/Data/descriptor/actioncliptrain00101
get DescriptorFromFile function to get fisher vector
../../../remote/Data/feats/mbh/actioncliptrain00101-fv saved
../../../remote/Data/descriptor/actioncliptrain00102
get DescriptorFromFile function to get fisher vector
../../../remote/Data/feats/mbh/actioncliptrain00102-fv saved
../../../remote/Data/descriptor/actioncliptrain00103
get DescriptorFromFile function to get fisher vector
../../../remote/Data/feats/mbh/actioncliptrain00103-fv saved
../../../remote/Data/descriptor/actioncliptrain00104
get DescriptorFromFile function to get fisher vector
../../../remote/Data/feats/mbh/actioncliptrain00104-fv saved
../../../remote/Data/descriptor/actioncliptrain00105
get DescriptorFromFile function to get fisher vector
../../../remote/Data/feats/mbh/actioncliptrain00105-fv saved
../../../remote/Data/descriptor/actioncliptrain00106
get DescriptorFromFile function to get fisher vector
../../../remote/Data/feats/mbh/actioncliptrain00106-fv saved
../../../remote/Data/descriptor/actioncliptrain00107
get DescriptorFromFile function to get fisher vector
../../../remote/Data/feats/mbh/actioncliptrain00107-fv saved
../../../remote/Data/descriptor/actioncliptrain00108
get DescriptorFromFile function to get fisher vector
../../../remote/Data/feats/mbh/actioncliptrain00108-fv saved
../../../remote/Data/descriptor/actioncliptrain00109
get DescriptorFromFile function to get fisher vector
../../../remote/Data/feats/mbh/actioncliptrain00109-fv saved
../../../remote/Data/descriptor/actioncliptrain00110
get DescriptorFromFile function to get fisher vector
../../../remote/Data/feats/mbh/actioncliptrain00110-fv saved
../../../remote/Data/descriptor/actioncliptrain00111
get DescriptorFromFile function to get fisher vector
../../../remote/Data/feats/mbh/actioncliptrain00111-fv saved
../../../remote/Data/descriptor/actioncliptrain00112
get DescriptorFromFile function to get fisher vector
../../../remote/Data/feats/mbh/actioncliptrain00112-fv saved
../../../remote/Data/descriptor/actioncliptrain00113
get DescriptorFromFile function to get fisher vector
../../../remote/Data/feats/mbh/actioncliptrain00113-fv saved
../../../remote/Data/descriptor/actioncliptrain00114
get DescriptorFromFile function to get fisher vector
../../../remote/Data/feats/mbh/actioncliptrain00114-fv saved
../../../remote/Data/descriptor/actioncliptrain00115
get DescriptorFromFile function to get fisher vector
../../../remote/Data/feats/mbh/actioncliptrain00115-fv saved
../../../remote/Data/descriptor/actioncliptrain00116
get DescriptorFromFile function to get fisher vector
../../../remote/Data/feats/mbh/actioncliptrain00116-fv saved
../../../remote/Data/descriptor/actioncliptrain00117
get DescriptorFromFile function to get fisher vector
../../../remote/Data/feats/mbh/actioncliptrain00117-fv saved
../../../remote/Data/descriptor/actioncliptrain00118
get DescriptorFromFile function to get fisher vector
../../../remote/Data/feats/mbh/actioncliptrain00118-fv saved
../../../remote/Data/descriptor/actioncliptrain00119
get DescriptorFromFile function to get fisher vector
../../../remote/Data/feats/mbh/actioncliptrain00119-fv saved
../../../remote/Data/descriptor/actioncliptrain00120
get DescriptorFromFile function to get fisher vector
../../../remote/Data/feats/mbh/actioncliptrain00120-fv saved
../../../remote/Data/descriptor/actioncliptrain00121
get DescriptorFromFile function to get fisher vector
../../../remote/Data/feats/mbh/actioncliptrain00121-fv saved
../../../remote/Data/descriptor/actioncliptrain00122
get DescriptorFromFile function to get fisher vector
../../../remote/Data/feats/mbh/actioncliptrain00122-fv saved
../../../remote/Data/descriptor/actioncliptrain00123
get DescriptorFromFile function to get fisher vector
../../../remote/Data/feats/mbh/actioncliptrain00123-fv saved
../../../remote/Data/descriptor/actioncliptrain00124
get DescriptorFromFile function to get fisher vector
../../../remote/Data/feats/mbh/actioncliptrain00124-fv saved
../../../remote/Data/descriptor/actioncliptrain00125
get DescriptorFromFile function to get fisher vector
../../../remote/Data/feats/mbh/actioncliptrain00125-fv saved
../../../remote/Data/descriptor/actioncliptrain00126
get DescriptorFromFile function to get fisher vector
../../../remote/Data/feats/mbh/actioncliptrain00126-fv saved
../../../remote/Data/descriptor/actioncliptrain00127
get DescriptorFromFile function to get fisher vector
../../../remote/Data/feats/mbh/actioncliptrain00127-fv saved
../../../remote/Data/descriptor/actioncliptrain00128
get DescriptorFromFile function to get fisher vector
../../../remote/Data/feats/mbh/actioncliptrain00128-fv saved
../../../remote/Data/descriptor/actioncliptrain00129
get DescriptorFromFile function to get fisher vector
../../../remote/Data/feats/mbh/actioncliptrain00129-fv saved
../../../remote/Data/descriptor/actioncliptrain00130
get DescriptorFromFile function to get fisher vector
../../../remote/Data/feats/mbh/actioncliptrain00130-fv saved
../../../remote/Data/descriptor/actioncliptrain00131
get DescriptorFromFile function to get fisher vector
../../../remote/Data/feats/mbh/actioncliptrain00131-fv saved
../../../remote/Data/descriptor/actioncliptrain00132
get DescriptorFromFile function to get fisher vector
../../../remote/Data/feats/mbh/actioncliptrain00132-fv saved
../../../remote/Data/descriptor/actioncliptrain00133
get DescriptorFromFile function to get fisher vector
../../../remote/Data/feats/mbh/actioncliptrain00133-fv saved
../../../remote/Data/descriptor/actioncliptrain00134
get DescriptorFromFile function to get fisher vector
../../../remote/Data/feats/mbh/actioncliptrain00134-fv saved
../../../remote/Data/descriptor/actioncliptrain00135
get DescriptorFromFile function to get fisher vector
../../../remote/Data/feats/mbh/actioncliptrain00135-fv saved
../../../remote/Data/descriptor/actioncliptrain00136
get DescriptorFromFile function to get fisher vector
../../../remote/Data/feats/mbh/actioncliptrain00136-fv saved
../../../remote/Data/descriptor/actioncliptrain00137
get DescriptorFromFile function to get fisher vector
../../../remote/Data/feats/mbh/actioncliptrain00137-fv saved
../../../remote/Data/descriptor/actioncliptrain00138
get DescriptorFromFile function to get fisher vector
../../../remote/Data/feats/mbh/actioncliptrain00138-fv saved
../../../remote/Data/descriptor/actioncliptrain00139
get DescriptorFromFile function to get fisher vector
../../../remote/Data/feats/mbh/actioncliptrain00139-fv saved
../../../remote/Data/descriptor/actioncliptrain00140
get DescriptorFromFile function to get fisher vector
../../../remote/Data/feats/mbh/actioncliptrain00140-fv saved
../../../remote/Data/descriptor/actioncliptrain00141
get DescriptorFromFile function to get fisher vector
../../../remote/Data/feats/mbh/actioncliptrain00141-fv saved
../../../remote/Data/descriptor/actioncliptrain00142
get DescriptorFromFile function to get fisher vector
../../../remote/Data/feats/mbh/actioncliptrain00142-fv saved
../../../remote/Data/descriptor/actioncliptrain00143
get DescriptorFromFile function to get fisher vector
../../../remote/Data/feats/mbh/actioncliptrain00143-fv saved
../../../remote/Data/descriptor/actioncliptrain00144
get DescriptorFromFile function to get fisher vector
../../../remote/Data/feats/mbh/actioncliptrain00144-fv saved
../../../remote/Data/descriptor/actioncliptrain00145
get DescriptorFromFile function to get fisher vector
../../../remote/Data/feats/mbh/actioncliptrain00145-fv saved
../../../remote/Data/descriptor/actioncliptrain00146
get DescriptorFromFile function to get fisher vector
../../../remote/Data/feats/mbh/actioncliptrain00146-fv saved
../../../remote/Data/descriptor/actioncliptrain00147
get DescriptorFromFile function to get fisher vector
../../../remote/Data/feats/mbh/actioncliptrain00147-fv saved
../../../remote/Data/descriptor/actioncliptrain00148
get DescriptorFromFile function to get fisher vector
../../../remote/Data/feats/mbh/actioncliptrain00148-fv saved
../../../remote/Data/descriptor/actioncliptrain00149
get DescriptorFromFile function to get fisher vector
../../../remote/Data/feats/mbh/actioncliptrain00149-fv saved
../../../remote/Data/descriptor/actioncliptrain00150
get DescriptorFromFile function to get fisher vector
../../../remote/Data/feats/mbh/actioncliptrain00150-fv saved
../../../remote/Data/descriptor/actioncliptrain00151
get DescriptorFromFile function to get fisher vector
../../../remote/Data/feats/mbh/actioncliptrain00151-fv saved
../../../remote/Data/descriptor/actioncliptrain00152
get DescriptorFromFile function to get fisher vector
../../../remote/Data/feats/mbh/actioncliptrain00152-fv saved
../../../remote/Data/descriptor/actioncliptrain00153
get DescriptorFromFile function to get fisher vector
../../../remote/Data/feats/mbh/actioncliptrain00153-fv saved
../../../remote/Data/descriptor/actioncliptrain00154
get DescriptorFromFile function to get fisher vector
../../../remote/Data/feats/mbh/actioncliptrain00154-fv saved
../../../remote/Data/descriptor/actioncliptrain00155
get DescriptorFromFile function to get fisher vector
../../../remote/Data/feats/mbh/actioncliptrain00155-fv saved
../../../remote/Data/descriptor/actioncliptrain00156
get DescriptorFromFile function to get fisher vector
../../../remote/Data/feats/mbh/actioncliptrain00156-fv saved
../../../remote/Data/descriptor/actioncliptrain00157
get DescriptorFromFile function to get fisher vector
../../../remote/Data/feats/mbh/actioncliptrain00157-fv saved
../../../remote/Data/descriptor/actioncliptrain00158
get DescriptorFromFile function to get fisher vector
../../../remote/Data/feats/mbh/actioncliptrain00158-fv saved
../../../remote/Data/descriptor/actioncliptrain00159
get DescriptorFromFile function to get fisher vector
../../../remote/Data/feats/mbh/actioncliptrain00159-fv saved
../../../remote/Data/descriptor/actioncliptrain00160
get DescriptorFromFile function to get fisher vector
../../../remote/Data/feats/mbh/actioncliptrain00160-fv saved
../../../remote/Data/descriptor/actioncliptrain00161
get DescriptorFromFile function to get fisher vector
../../../remote/Data/feats/mbh/actioncliptrain00161-fv saved
../../../remote/Data/descriptor/actioncliptrain00162
get DescriptorFromFile function to get fisher vector
../../../remote/Data/feats/mbh/actioncliptrain00162-fv saved
../../../remote/Data/descriptor/actioncliptrain00163
get DescriptorFromFile function to get fisher vector
../../../remote/Data/feats/mbh/actioncliptrain00163-fv saved
../../../remote/Data/descriptor/actioncliptrain00164
get DescriptorFromFile function to get fisher vector
../../../remote/Data/feats/mbh/actioncliptrain00164-fv saved
../../../remote/Data/descriptor/actioncliptrain00165
get DescriptorFromFile function to get fisher vector
../../../remote/Data/feats/mbh/actioncliptrain00165-fv saved
../../../remote/Data/descriptor/actioncliptrain00166
get DescriptorFromFile function to get fisher vector
../../../remote/Data/feats/mbh/actioncliptrain00166-fv saved
../../../remote/Data/descriptor/actioncliptrain00167
get DescriptorFromFile function to get fisher vector
../../../remote/Data/feats/mbh/actioncliptrain00167-fv saved
../../../remote/Data/descriptor/actioncliptrain00168
get DescriptorFromFile function to get fisher vector
../../../remote/Data/feats/mbh/actioncliptrain00168-fv saved
../../../remote/Data/descriptor/actioncliptrain00169
get DescriptorFromFile function to get fisher vector
../../../remote/Data/feats/mbh/actioncliptrain00169-fv saved
../../../remote/Data/descriptor/actioncliptrain00170
get DescriptorFromFile function to get fisher vector
../../../remote/Data/feats/mbh/actioncliptrain00170-fv saved
../../../remote/Data/descriptor/actioncliptrain00171
get DescriptorFromFile function to get fisher vector
../../../remote/Data/feats/mbh/actioncliptrain00171-fv saved
../../../remote/Data/descriptor/actioncliptrain00172
get DescriptorFromFile function to get fisher vector
../../../remote/Data/feats/mbh/actioncliptrain00172-fv saved
../../../remote/Data/descriptor/actioncliptrain00173
get DescriptorFromFile function to get fisher vector
../../../remote/Data/feats/mbh/actioncliptrain00173-fv saved
../../../remote/Data/descriptor/actioncliptrain00174
get DescriptorFromFile function to get fisher vector
../../../remote/Data/feats/mbh/actioncliptrain00174-fv saved
../../../remote/Data/descriptor/actioncliptrain00175
get DescriptorFromFile function to get fisher vector
../../../remote/Data/feats/mbh/actioncliptrain00175-fv saved
../../../remote/Data/descriptor/actioncliptrain00176
get DescriptorFromFile function to get fisher vector
../../../remote/Data/feats/mbh/actioncliptrain00176-fv saved
../../../remote/Data/descriptor/actioncliptrain00177
get DescriptorFromFile function to get fisher vector
../../../remote/Data/feats/mbh/actioncliptrain00177-fv saved
../../../remote/Data/descriptor/actioncliptrain00178
get DescriptorFromFile function to get fisher vector
../../../remote/Data/feats/mbh/actioncliptrain00178-fv saved
../../../remote/Data/descriptor/actioncliptrain00179
get DescriptorFromFile function to get fisher vector
../../../remote/Data/feats/mbh/actioncliptrain00179-fv saved
../../../remote/Data/descriptor/actioncliptrain00180
get DescriptorFromFile function to get fisher vector
../../../remote/Data/feats/mbh/actioncliptrain00180-fv saved
../../../remote/Data/descriptor/actioncliptrain00181
get DescriptorFromFile function to get fisher vector
../../../remote/Data/feats/mbh/actioncliptrain00181-fv saved
../../../remote/Data/descriptor/actioncliptrain00182
get DescriptorFromFile function to get fisher vector
../../../remote/Data/feats/mbh/actioncliptrain00182-fv saved
../../../remote/Data/descriptor/actioncliptrain00183
get DescriptorFromFile function to get fisher vector
../../../remote/Data/feats/mbh/actioncliptrain00183-fv saved
../../../remote/Data/descriptor/actioncliptrain00184
get DescriptorFromFile function to get fisher vector
../../../remote/Data/feats/mbh/actioncliptrain00184-fv saved
../../../remote/Data/descriptor/actioncliptrain00185
get DescriptorFromFile function to get fisher vector
../../../remote/Data/feats/mbh/actioncliptrain00185-fv saved
../../../remote/Data/descriptor/actioncliptrain00186
get DescriptorFromFile function to get fisher vector
../../../remote/Data/feats/mbh/actioncliptrain00186-fv saved
../../../remote/Data/descriptor/actioncliptrain00187
get DescriptorFromFile function to get fisher vector
../../../remote/Data/feats/mbh/actioncliptrain00187-fv saved
../../../remote/Data/descriptor/actioncliptrain00188
get DescriptorFromFile function to get fisher vector
../../../remote/Data/feats/mbh/actioncliptrain00188-fv saved
../../../remote/Data/descriptor/actioncliptrain00189
get DescriptorFromFile function to get fisher vector
../../../remote/Data/feats/mbh/actioncliptrain00189-fv saved
../../../remote/Data/descriptor/actioncliptrain00190
get DescriptorFromFile function to get fisher vector
../../../remote/Data/feats/mbh/actioncliptrain00190-fv saved
../../../remote/Data/descriptor/actioncliptrain00191
get DescriptorFromFile function to get fisher vector
../../../remote/Data/feats/mbh/actioncliptrain00191-fv saved
../../../remote/Data/descriptor/actioncliptrain00192
get DescriptorFromFile function to get fisher vector
../../../remote/Data/feats/mbh/actioncliptrain00192-fv saved
../../../remote/Data/descriptor/actioncliptrain00193
get DescriptorFromFile function to get fisher vector
../../../remote/Data/feats/mbh/actioncliptrain00193-fv saved
../../../remote/Data/descriptor/actioncliptrain00194
get DescriptorFromFile function to get fisher vector
../../../remote/Data/feats/mbh/actioncliptrain00194-fv saved
../../../remote/Data/descriptor/actioncliptrain00195
get DescriptorFromFile function to get fisher vector
../../../remote/Data/feats/mbh/actioncliptrain00195-fv saved
../../../remote/Data/descriptor/actioncliptrain00196
get DescriptorFromFile function to get fisher vector
../../../remote/Data/feats/mbh/actioncliptrain00196-fv saved
../../../remote/Data/descriptor/actioncliptrain00197
get DescriptorFromFile function to get fisher vector
../../../remote/Data/feats/mbh/actioncliptrain00197-fv saved
../../../remote/Data/descriptor/actioncliptrain00198
get DescriptorFromFile function to get fisher vector
../../../remote/Data/feats/mbh/actioncliptrain00198-fv saved
../../../remote/Data/descriptor/actioncliptrain00199
get DescriptorFromFile function to get fisher vector
../../../remote/Data/feats/mbh/actioncliptrain00199-fv saved
../../../remote/Data/descriptor/actioncliptrain00200
get DescriptorFromFile function to get fisher vector
../../../remote/Data/feats/mbh/actioncliptrain00200-fv saved
../../../remote/Data/descriptor/actioncliptrain00201
get DescriptorFromFile function to get fisher vector
../../../remote/Data/feats/mbh/actioncliptrain00201-fv saved
../../../remote/Data/descriptor/actioncliptrain00202
get DescriptorFromFile function to get fisher vector
../../../remote/Data/feats/mbh/actioncliptrain00202-fv saved
../../../remote/Data/descriptor/actioncliptrain00203
get DescriptorFromFile function to get fisher vector
../../../remote/Data/feats/mbh/actioncliptrain00203-fv saved
../../../remote/Data/descriptor/actioncliptrain00204
get DescriptorFromFile function to get fisher vector
../../../remote/Data/feats/mbh/actioncliptrain00204-fv saved
../../../remote/Data/descriptor/actioncliptrain00205
get DescriptorFromFile function to get fisher vector
../../../remote/Data/feats/mbh/actioncliptrain00205-fv saved
../../../remote/Data/descriptor/actioncliptrain00206
get DescriptorFromFile function to get fisher vector
../../../remote/Data/feats/mbh/actioncliptrain00206-fv saved
../../../remote/Data/descriptor/actioncliptrain00207
get DescriptorFromFile function to get fisher vector
../../../remote/Data/feats/mbh/actioncliptrain00207-fv saved
../../../remote/Data/descriptor/actioncliptrain00208
get DescriptorFromFile function to get fisher vector
../../../remote/Data/feats/mbh/actioncliptrain00208-fv saved
../../../remote/Data/descriptor/actioncliptrain00209
get DescriptorFromFile function to get fisher vector
../../../remote/Data/feats/mbh/actioncliptrain00209-fv saved
../../../remote/Data/descriptor/actioncliptrain00210
get DescriptorFromFile function to get fisher vector
../../../remote/Data/feats/mbh/actioncliptrain00210-fv saved
../../../remote/Data/descriptor/actioncliptrain00211
get DescriptorFromFile function to get fisher vector
../../../remote/Data/feats/mbh/actioncliptrain00211-fv saved
../../../remote/Data/descriptor/actioncliptrain00212
get DescriptorFromFile function to get fisher vector
../../../remote/Data/feats/mbh/actioncliptrain00212-fv saved
../../../remote/Data/descriptor/actioncliptrain00213
get DescriptorFromFile function to get fisher vector
../../../remote/Data/feats/mbh/actioncliptrain00213-fv saved
../../../remote/Data/descriptor/actioncliptrain00214
get DescriptorFromFile function to get fisher vector
../../../remote/Data/feats/mbh/actioncliptrain00214-fv saved
../../../remote/Data/descriptor/actioncliptrain00215
get DescriptorFromFile function to get fisher vector
../../../remote/Data/feats/mbh/actioncliptrain00215-fv saved
../../../remote/Data/descriptor/actioncliptrain00216
get DescriptorFromFile function to get fisher vector
../../../remote/Data/feats/mbh/actioncliptrain00216-fv saved
../../../remote/Data/descriptor/actioncliptrain00217
get DescriptorFromFile function to get fisher vector
../../../remote/Data/feats/mbh/actioncliptrain00217-fv saved
../../../remote/Data/descriptor/actioncliptrain00218
get DescriptorFromFile function to get fisher vector
../../../remote/Data/feats/mbh/actioncliptrain00218-fv saved
../../../remote/Data/descriptor/actioncliptrain00219
get DescriptorFromFile function to get fisher vector
../../../remote/Data/feats/mbh/actioncliptrain00219-fv saved
../../../remote/Data/descriptor/actioncliptrain00220
get DescriptorFromFile function to get fisher vector
../../../remote/Data/feats/mbh/actioncliptrain00220-fv saved
../../../remote/Data/descriptor/actioncliptrain00221
get DescriptorFromFile function to get fisher vector
../../../remote/Data/feats/mbh/actioncliptrain00221-fv saved
../../../remote/Data/descriptor/actioncliptrain00222
get DescriptorFromFile function to get fisher vector
../../../remote/Data/feats/mbh/actioncliptrain00222-fv saved
../../../remote/Data/descriptor/actioncliptrain00223
get DescriptorFromFile function to get fisher vector
../../../remote/Data/feats/mbh/actioncliptrain00223-fv saved
../../../remote/Data/descriptor/actioncliptrain00224
get DescriptorFromFile function to get fisher vector
../../../remote/Data/feats/mbh/actioncliptrain00224-fv saved
../../../remote/Data/descriptor/actioncliptrain00225
get DescriptorFromFile function to get fisher vector
../../../remote/Data/feats/mbh/actioncliptrain00225-fv saved
../../../remote/Data/descriptor/actioncliptrain00226
get DescriptorFromFile function to get fisher vector
../../../remote/Data/feats/mbh/actioncliptrain00226-fv saved
../../../remote/Data/descriptor/actioncliptrain00227
get DescriptorFromFile function to get fisher vector
../../../remote/Data/feats/mbh/actioncliptrain00227-fv saved
../../../remote/Data/descriptor/actioncliptrain00228
get DescriptorFromFile function to get fisher vector
../../../remote/Data/feats/mbh/actioncliptrain00228-fv saved
../../../remote/Data/descriptor/actioncliptrain00229
get DescriptorFromFile function to get fisher vector
../../../remote/Data/feats/mbh/actioncliptrain00229-fv saved
../../../remote/Data/descriptor/actioncliptrain00230
get DescriptorFromFile function to get fisher vector
../../../remote/Data/feats/mbh/actioncliptrain00230-fv saved
../../../remote/Data/descriptor/actioncliptrain00231
get DescriptorFromFile function to get fisher vector
../../../remote/Data/feats/mbh/actioncliptrain00231-fv saved
../../../remote/Data/descriptor/actioncliptrain00232
get DescriptorFromFile function to get fisher vector
../../../remote/Data/feats/mbh/actioncliptrain00232-fv saved
../../../remote/Data/descriptor/actioncliptrain00233
get DescriptorFromFile function to get fisher vector
../../../remote/Data/feats/mbh/actioncliptrain00233-fv saved
../../../remote/Data/descriptor/actioncliptrain00234
get DescriptorFromFile function to get fisher vector
../../../remote/Data/feats/mbh/actioncliptrain00234-fv saved
../../../remote/Data/descriptor/actioncliptrain00235
get DescriptorFromFile function to get fisher vector
../../../remote/Data/feats/mbh/actioncliptrain00235-fv saved
../../../remote/Data/descriptor/actioncliptrain00236
get DescriptorFromFile function to get fisher vector
../../../remote/Data/feats/mbh/actioncliptrain00236-fv saved
../../../remote/Data/descriptor/actioncliptrain00237
get DescriptorFromFile function to get fisher vector
../../../remote/Data/feats/mbh/actioncliptrain00237-fv saved
../../../remote/Data/descriptor/actioncliptrain00238
get DescriptorFromFile function to get fisher vector
../../../remote/Data/feats/mbh/actioncliptrain00238-fv saved
../../../remote/Data/descriptor/actioncliptrain00239
get DescriptorFromFile function to get fisher vector
../../../remote/Data/feats/mbh/actioncliptrain00239-fv saved
../../../remote/Data/descriptor/actioncliptrain00240
get DescriptorFromFile function to get fisher vector
../../../remote/Data/feats/mbh/actioncliptrain00240-fv saved
../../../remote/Data/descriptor/actioncliptrain00241
get DescriptorFromFile function to get fisher vector
../../../remote/Data/feats/mbh/actioncliptrain00241-fv saved
../../../remote/Data/descriptor/actioncliptrain00242
get DescriptorFromFile function to get fisher vector
../../../remote/Data/feats/mbh/actioncliptrain00242-fv saved
../../../remote/Data/descriptor/actioncliptrain00243
get DescriptorFromFile function to get fisher vector
../../../remote/Data/feats/mbh/actioncliptrain00243-fv saved
../../../remote/Data/descriptor/actioncliptrain00244
get DescriptorFromFile function to get fisher vector
../../../remote/Data/feats/mbh/actioncliptrain00244-fv saved
../../../remote/Data/descriptor/actioncliptrain00245
get DescriptorFromFile function to get fisher vector
../../../remote/Data/feats/mbh/actioncliptrain00245-fv saved
../../../remote/Data/descriptor/actioncliptrain00246
get DescriptorFromFile function to get fisher vector
../../../remote/Data/feats/mbh/actioncliptrain00246-fv saved
../../../remote/Data/descriptor/actioncliptrain00247
get DescriptorFromFile function to get fisher vector
../../../remote/Data/feats/mbh/actioncliptrain00247-fv saved
../../../remote/Data/descriptor/actioncliptrain00248
get DescriptorFromFile function to get fisher vector
../../../remote/Data/feats/mbh/actioncliptrain00248-fv saved
../../../remote/Data/descriptor/actioncliptrain00249
get DescriptorFromFile function to get fisher vector
../../../remote/Data/feats/mbh/actioncliptrain00249-fv saved
../../../remote/Data/descriptor/actioncliptrain00250
get DescriptorFromFile function to get fisher vector
../../../remote/Data/feats/mbh/actioncliptrain00250-fv saved
../../../remote/Data/descriptor/actioncliptrain00251
get DescriptorFromFile function to get fisher vector
../../../remote/Data/feats/mbh/actioncliptrain00251-fv saved
../../../remote/Data/descriptor/actioncliptrain00252
get DescriptorFromFile function to get fisher vector
../../../remote/Data/feats/mbh/actioncliptrain00252-fv saved
../../../remote/Data/descriptor/actioncliptrain00253
get DescriptorFromFile function to get fisher vector
../../../remote/Data/feats/mbh/actioncliptrain00253-fv saved
../../../remote/Data/descriptor/actioncliptrain00254
get DescriptorFromFile function to get fisher vector
../../../remote/Data/feats/mbh/actioncliptrain00254-fv saved
../../../remote/Data/descriptor/actioncliptrain00255
get DescriptorFromFile function to get fisher vector
../../../remote/Data/feats/mbh/actioncliptrain00255-fv saved
../../../remote/Data/descriptor/actioncliptrain00256
get DescriptorFromFile function to get fisher vector
../../../remote/Data/feats/mbh/actioncliptrain00256-fv saved
../../../remote/Data/descriptor/actioncliptrain00257
get DescriptorFromFile function to get fisher vector
../../../remote/Data/feats/mbh/actioncliptrain00257-fv saved
../../../remote/Data/descriptor/actioncliptrain00258
get DescriptorFromFile function to get fisher vector
../../../remote/Data/feats/mbh/actioncliptrain00258-fv saved
../../../remote/Data/descriptor/actioncliptrain00259
get DescriptorFromFile function to get fisher vector
../../../remote/Data/feats/mbh/actioncliptrain00259-fv saved
../../../remote/Data/descriptor/actioncliptrain00260
get DescriptorFromFile function to get fisher vector
../../../remote/Data/feats/mbh/actioncliptrain00260-fv saved
../../../remote/Data/descriptor/actioncliptrain00261
get DescriptorFromFile function to get fisher vector
../../../remote/Data/feats/mbh/actioncliptrain00261-fv saved
../../../remote/Data/descriptor/actioncliptrain00262
get DescriptorFromFile function to get fisher vector
../../../remote/Data/feats/mbh/actioncliptrain00262-fv saved
../../../remote/Data/descriptor/actioncliptrain00263
get DescriptorFromFile function to get fisher vector
../../../remote/Data/feats/mbh/actioncliptrain00263-fv saved
../../../remote/Data/descriptor/actioncliptrain00264
get DescriptorFromFile function to get fisher vector
../../../remote/Data/feats/mbh/actioncliptrain00264-fv saved
../../../remote/Data/descriptor/actioncliptrain00265
get DescriptorFromFile function to get fisher vector
../../../remote/Data/feats/mbh/actioncliptrain00265-fv saved
../../../remote/Data/descriptor/actioncliptrain00266
get DescriptorFromFile function to get fisher vector
../../../remote/Data/feats/mbh/actioncliptrain00266-fv saved
../../../remote/Data/descriptor/actioncliptrain00267
get DescriptorFromFile function to get fisher vector
../../../remote/Data/feats/mbh/actioncliptrain00267-fv saved
../../../remote/Data/descriptor/actioncliptrain00268
get DescriptorFromFile function to get fisher vector
../../../remote/Data/feats/mbh/actioncliptrain00268-fv saved
../../../remote/Data/descriptor/actioncliptrain00269
get DescriptorFromFile function to get fisher vector
../../../remote/Data/feats/mbh/actioncliptrain00269-fv saved
../../../remote/Data/descriptor/actioncliptrain00270
get DescriptorFromFile function to get fisher vector
../../../remote/Data/feats/mbh/actioncliptrain00270-fv saved
../../../remote/Data/descriptor/actioncliptrain00271
get DescriptorFromFile function to get fisher vector
../../../remote/Data/feats/mbh/actioncliptrain00271-fv saved
../../../remote/Data/descriptor/actioncliptrain00272
get DescriptorFromFile function to get fisher vector
../../../remote/Data/feats/mbh/actioncliptrain00272-fv saved
../../../remote/Data/descriptor/actioncliptrain00273
get DescriptorFromFile function to get fisher vector
../../../remote/Data/feats/mbh/actioncliptrain00273-fv saved
../../../remote/Data/descriptor/actioncliptrain00274
get DescriptorFromFile function to get fisher vector
../../../remote/Data/feats/mbh/actioncliptrain00274-fv saved
../../../remote/Data/descriptor/actioncliptrain00275
get DescriptorFromFile function to get fisher vector
../../../remote/Data/feats/mbh/actioncliptrain00275-fv saved
../../../remote/Data/descriptor/actioncliptrain00276
get DescriptorFromFile function to get fisher vector
../../../remote/Data/feats/mbh/actioncliptrain00276-fv saved
../../../remote/Data/descriptor/actioncliptrain00277
get DescriptorFromFile function to get fisher vector
../../../remote/Data/feats/mbh/actioncliptrain00277-fv saved
../../../remote/Data/descriptor/actioncliptrain00278
get DescriptorFromFile function to get fisher vector
../../../remote/Data/feats/mbh/actioncliptrain00278-fv saved
../../../remote/Data/descriptor/actioncliptrain00279
get DescriptorFromFile function to get fisher vector
../../../remote/Data/feats/mbh/actioncliptrain00279-fv saved
../../../remote/Data/descriptor/actioncliptrain00280
get DescriptorFromFile function to get fisher vector
../../../remote/Data/feats/mbh/actioncliptrain00280-fv saved
../../../remote/Data/descriptor/actioncliptrain00281
get DescriptorFromFile function to get fisher vector
../../../remote/Data/feats/mbh/actioncliptrain00281-fv saved
../../../remote/Data/descriptor/actioncliptrain00282
get DescriptorFromFile function to get fisher vector
../../../remote/Data/feats/mbh/actioncliptrain00282-fv saved
../../../remote/Data/descriptor/actioncliptrain00283
get DescriptorFromFile function to get fisher vector
../../../remote/Data/feats/mbh/actioncliptrain00283-fv saved
../../../remote/Data/descriptor/actioncliptrain00284
get DescriptorFromFile function to get fisher vector
../../../remote/Data/feats/mbh/actioncliptrain00284-fv saved
../../../remote/Data/descriptor/actioncliptrain00285
get DescriptorFromFile function to get fisher vector
../../../remote/Data/feats/mbh/actioncliptrain00285-fv saved
../../../remote/Data/descriptor/actioncliptrain00286
get DescriptorFromFile function to get fisher vector
../../../remote/Data/feats/mbh/actioncliptrain00286-fv saved
../../../remote/Data/descriptor/actioncliptrain00287
get DescriptorFromFile function to get fisher vector
../../../remote/Data/feats/mbh/actioncliptrain00287-fv saved
../../../remote/Data/descriptor/actioncliptrain00288
get DescriptorFromFile function to get fisher vector
../../../remote/Data/feats/mbh/actioncliptrain00288-fv saved
../../../remote/Data/descriptor/actioncliptrain00289
get DescriptorFromFile function to get fisher vector
../../../remote/Data/feats/mbh/actioncliptrain00289-fv saved
../../../remote/Data/descriptor/actioncliptrain00290
get DescriptorFromFile function to get fisher vector
../../../remote/Data/feats/mbh/actioncliptrain00290-fv saved
../../../remote/Data/descriptor/actioncliptrain00291
get DescriptorFromFile function to get fisher vector
../../../remote/Data/feats/mbh/actioncliptrain00291-fv saved
../../../remote/Data/descriptor/actioncliptrain00292
get DescriptorFromFile function to get fisher vector
../../../remote/Data/feats/mbh/actioncliptrain00292-fv saved
../../../remote/Data/descriptor/actioncliptrain00293
get DescriptorFromFile function to get fisher vector
../../../remote/Data/feats/mbh/actioncliptrain00293-fv saved
../../../remote/Data/descriptor/actioncliptrain00294
get DescriptorFromFile function to get fisher vector
../../../remote/Data/feats/mbh/actioncliptrain00294-fv saved
../../../remote/Data/descriptor/actioncliptrain00295
get DescriptorFromFile function to get fisher vector
../../../remote/Data/feats/mbh/actioncliptrain00295-fv saved
../../../remote/Data/descriptor/actioncliptrain00296
get DescriptorFromFile function to get fisher vector
../../../remote/Data/feats/mbh/actioncliptrain00296-fv saved
../../../remote/Data/descriptor/actioncliptrain00297
get DescriptorFromFile function to get fisher vector
../../../remote/Data/feats/mbh/actioncliptrain00297-fv saved
../../../remote/Data/descriptor/actioncliptrain00298
get DescriptorFromFile function to get fisher vector
../../../remote/Data/feats/mbh/actioncliptrain00298-fv saved
../../../remote/Data/descriptor/actioncliptrain00299
get DescriptorFromFile function to get fisher vector
../../../remote/Data/feats/mbh/actioncliptrain00299-fv saved
../../../remote/Data/descriptor/actioncliptrain00300
get DescriptorFromFile function to get fisher vector
../../../remote/Data/feats/mbh/actioncliptrain00300-fv saved
../../../remote/Data/descriptor/actioncliptrain00301
get DescriptorFromFile function to get fisher vector
../../../remote/Data/feats/mbh/actioncliptrain00301-fv saved
../../../remote/Data/descriptor/actioncliptrain00302
get DescriptorFromFile function to get fisher vector
../../../remote/Data/feats/mbh/actioncliptrain00302-fv saved
../../../remote/Data/descriptor/actioncliptrain00303
get DescriptorFromFile function to get fisher vector
../../../remote/Data/feats/mbh/actioncliptrain00303-fv saved
../../../remote/Data/descriptor/actioncliptrain00304
get DescriptorFromFile function to get fisher vector
../../../remote/Data/feats/mbh/actioncliptrain00304-fv saved
../../../remote/Data/descriptor/actioncliptrain00305
get DescriptorFromFile function to get fisher vector
../../../remote/Data/feats/mbh/actioncliptrain00305-fv saved
../../../remote/Data/descriptor/actioncliptrain00306
get DescriptorFromFile function to get fisher vector
../../../remote/Data/feats/mbh/actioncliptrain00306-fv saved
../../../remote/Data/descriptor/actioncliptrain00307
get DescriptorFromFile function to get fisher vector
../../../remote/Data/feats/mbh/actioncliptrain00307-fv saved
../../../remote/Data/descriptor/actioncliptrain00308
get DescriptorFromFile function to get fisher vector
../../../remote/Data/feats/mbh/actioncliptrain00308-fv saved
../../../remote/Data/descriptor/actioncliptrain00309
get DescriptorFromFile function to get fisher vector
../../../remote/Data/feats/mbh/actioncliptrain00309-fv saved
../../../remote/Data/descriptor/actioncliptrain00310
get DescriptorFromFile function to get fisher vector
../../../remote/Data/feats/mbh/actioncliptrain00310-fv saved
../../../remote/Data/descriptor/actioncliptrain00311
get DescriptorFromFile function to get fisher vector
../../../remote/Data/feats/mbh/actioncliptrain00311-fv saved
../../../remote/Data/descriptor/actioncliptrain00312
get DescriptorFromFile function to get fisher vector
../../../remote/Data/feats/mbh/actioncliptrain00312-fv saved
../../../remote/Data/descriptor/actioncliptrain00313
get DescriptorFromFile function to get fisher vector
../../../remote/Data/feats/mbh/actioncliptrain00313-fv saved
../../../remote/Data/descriptor/actioncliptrain00314
get DescriptorFromFile function to get fisher vector
../../../remote/Data/feats/mbh/actioncliptrain00314-fv saved
../../../remote/Data/descriptor/actioncliptrain00315
get DescriptorFromFile function to get fisher vector
../../../remote/Data/feats/mbh/actioncliptrain00315-fv saved
../../../remote/Data/descriptor/actioncliptrain00316
get DescriptorFromFile function to get fisher vector
../../../remote/Data/feats/mbh/actioncliptrain00316-fv saved
../../../remote/Data/descriptor/actioncliptrain00317
get DescriptorFromFile function to get fisher vector
../../../remote/Data/feats/mbh/actioncliptrain00317-fv saved
../../../remote/Data/descriptor/actioncliptrain00318
get DescriptorFromFile function to get fisher vector
../../../remote/Data/feats/mbh/actioncliptrain00318-fv saved
../../../remote/Data/descriptor/actioncliptrain00319
get DescriptorFromFile function to get fisher vector
../../../remote/Data/feats/mbh/actioncliptrain00319-fv saved
../../../remote/Data/descriptor/actioncliptrain00320
get DescriptorFromFile function to get fisher vector
../../../remote/Data/feats/mbh/actioncliptrain00320-fv saved
../../../remote/Data/descriptor/actioncliptrain00321
get DescriptorFromFile function to get fisher vector
../../../remote/Data/feats/mbh/actioncliptrain00321-fv saved
../../../remote/Data/descriptor/actioncliptrain00322
get DescriptorFromFile function to get fisher vector
../../../remote/Data/feats/mbh/actioncliptrain00322-fv saved
../../../remote/Data/descriptor/actioncliptrain00323
get DescriptorFromFile function to get fisher vector
../../../remote/Data/feats/mbh/actioncliptrain00323-fv saved
../../../remote/Data/descriptor/actioncliptrain00324
get DescriptorFromFile function to get fisher vector
../../../remote/Data/feats/mbh/actioncliptrain00324-fv saved
../../../remote/Data/descriptor/actioncliptrain00325
get DescriptorFromFile function to get fisher vector
../../../remote/Data/feats/mbh/actioncliptrain00325-fv saved
../../../remote/Data/descriptor/actioncliptrain00326
get DescriptorFromFile function to get fisher vector
../../../remote/Data/feats/mbh/actioncliptrain00326-fv saved
../../../remote/Data/descriptor/actioncliptrain00327
get DescriptorFromFile function to get fisher vector
../../../remote/Data/feats/mbh/actioncliptrain00327-fv saved
../../../remote/Data/descriptor/actioncliptrain00328
get DescriptorFromFile function to get fisher vector
../../../remote/Data/feats/mbh/actioncliptrain00328-fv saved
../../../remote/Data/descriptor/actioncliptrain00329
get DescriptorFromFile function to get fisher vector
../../../remote/Data/feats/mbh/actioncliptrain00329-fv saved
../../../remote/Data/descriptor/actioncliptrain00330
get DescriptorFromFile function to get fisher vector
../../../remote/Data/feats/mbh/actioncliptrain00330-fv saved
../../../remote/Data/descriptor/actioncliptrain00331
get DescriptorFromFile function to get fisher vector
../../../remote/Data/feats/mbh/actioncliptrain00331-fv saved
../../../remote/Data/descriptor/actioncliptrain00332
get DescriptorFromFile function to get fisher vector
../../../remote/Data/feats/mbh/actioncliptrain00332-fv saved
../../../remote/Data/descriptor/actioncliptrain00333
get DescriptorFromFile function to get fisher vector
../../../remote/Data/feats/mbh/actioncliptrain00333-fv saved
../../../remote/Data/descriptor/actioncliptrain00334
get DescriptorFromFile function to get fisher vector
../../../remote/Data/feats/mbh/actioncliptrain00334-fv saved
../../../remote/Data/descriptor/actioncliptrain00335
get DescriptorFromFile function to get fisher vector
../../../remote/Data/feats/mbh/actioncliptrain00335-fv saved
../../../remote/Data/descriptor/actioncliptrain00336
get DescriptorFromFile function to get fisher vector
../../../remote/Data/feats/mbh/actioncliptrain00336-fv saved
../../../remote/Data/descriptor/actioncliptrain00337
get DescriptorFromFile function to get fisher vector
../../../remote/Data/feats/mbh/actioncliptrain00337-fv saved
../../../remote/Data/descriptor/actioncliptrain00338
get DescriptorFromFile function to get fisher vector
../../../remote/Data/feats/mbh/actioncliptrain00338-fv saved
../../../remote/Data/descriptor/actioncliptrain00339
get DescriptorFromFile function to get fisher vector
../../../remote/Data/feats/mbh/actioncliptrain00339-fv saved
../../../remote/Data/descriptor/actioncliptrain00340
get DescriptorFromFile function to get fisher vector
../../../remote/Data/feats/mbh/actioncliptrain00340-fv saved
../../../remote/Data/descriptor/actioncliptrain00341
get DescriptorFromFile function to get fisher vector
../../../remote/Data/feats/mbh/actioncliptrain00341-fv saved
../../../remote/Data/descriptor/actioncliptrain00342
get DescriptorFromFile function to get fisher vector
../../../remote/Data/feats/mbh/actioncliptrain00342-fv saved
../../../remote/Data/descriptor/actioncliptrain00343
get DescriptorFromFile function to get fisher vector
../../../remote/Data/feats/mbh/actioncliptrain00343-fv saved
../../../remote/Data/descriptor/actioncliptrain00344
get DescriptorFromFile function to get fisher vector
../../../remote/Data/feats/mbh/actioncliptrain00344-fv saved
../../../remote/Data/descriptor/actioncliptrain00345
get DescriptorFromFile function to get fisher vector
../../../remote/Data/feats/mbh/actioncliptrain00345-fv saved
../../../remote/Data/descriptor/actioncliptrain00346
get DescriptorFromFile function to get fisher vector
../../../remote/Data/feats/mbh/actioncliptrain00346-fv saved
../../../remote/Data/descriptor/actioncliptrain00347
get DescriptorFromFile function to get fisher vector
../../../remote/Data/feats/mbh/actioncliptrain00347-fv saved
../../../remote/Data/descriptor/actioncliptrain00348
get DescriptorFromFile function to get fisher vector
../../../remote/Data/feats/mbh/actioncliptrain00348-fv saved
../../../remote/Data/descriptor/actioncliptrain00349
get DescriptorFromFile function to get fisher vector
../../../remote/Data/feats/mbh/actioncliptrain00349-fv saved
../../../remote/Data/descriptor/actioncliptrain00350
get DescriptorFromFile function to get fisher vector
../../../remote/Data/feats/mbh/actioncliptrain00350-fv saved
../../../remote/Data/descriptor/actioncliptrain00351
get DescriptorFromFile function to get fisher vector
../../../remote/Data/feats/mbh/actioncliptrain00351-fv saved
../../../remote/Data/descriptor/actioncliptrain00352
get DescriptorFromFile function to get fisher vector
../../../remote/Data/feats/mbh/actioncliptrain00352-fv saved
../../../remote/Data/descriptor/actioncliptrain00353
get DescriptorFromFile function to get fisher vector
../../../remote/Data/feats/mbh/actioncliptrain00353-fv saved
../../../remote/Data/descriptor/actioncliptrain00354
get DescriptorFromFile function to get fisher vector
../../../remote/Data/feats/mbh/actioncliptrain00354-fv saved
../../../remote/Data/descriptor/actioncliptrain00355
get DescriptorFromFile function to get fisher vector
../../../remote/Data/feats/mbh/actioncliptrain00355-fv saved
../../../remote/Data/descriptor/actioncliptrain00356
get DescriptorFromFile function to get fisher vector
../../../remote/Data/feats/mbh/actioncliptrain00356-fv saved
../../../remote/Data/descriptor/actioncliptrain00357
get DescriptorFromFile function to get fisher vector
../../../remote/Data/feats/mbh/actioncliptrain00357-fv saved
../../../remote/Data/descriptor/actioncliptrain00358
get DescriptorFromFile function to get fisher vector
../../../remote/Data/feats/mbh/actioncliptrain00358-fv saved
../../../remote/Data/descriptor/actioncliptrain00359
get DescriptorFromFile function to get fisher vector
../../../remote/Data/feats/mbh/actioncliptrain00359-fv saved
../../../remote/Data/descriptor/actioncliptrain00360
get DescriptorFromFile function to get fisher vector
../../../remote/Data/feats/mbh/actioncliptrain00360-fv saved
../../../remote/Data/descriptor/actioncliptrain00361
get DescriptorFromFile function to get fisher vector
../../../remote/Data/feats/mbh/actioncliptrain00361-fv saved
../../../remote/Data/descriptor/actioncliptrain00362
get DescriptorFromFile function to get fisher vector
../../../remote/Data/feats/mbh/actioncliptrain00362-fv saved
../../../remote/Data/descriptor/actioncliptrain00363
get DescriptorFromFile function to get fisher vector
../../../remote/Data/feats/mbh/actioncliptrain00363-fv saved
../../../remote/Data/descriptor/actioncliptrain00364
get DescriptorFromFile function to get fisher vector
../../../remote/Data/feats/mbh/actioncliptrain00364-fv saved
../../../remote/Data/descriptor/actioncliptrain00365
get DescriptorFromFile function to get fisher vector
../../../remote/Data/feats/mbh/actioncliptrain00365-fv saved
../../../remote/Data/descriptor/actioncliptrain00366
get DescriptorFromFile function to get fisher vector
../../../remote/Data/feats/mbh/actioncliptrain00366-fv saved
../../../remote/Data/descriptor/actioncliptrain00367
get DescriptorFromFile function to get fisher vector
../../../remote/Data/feats/mbh/actioncliptrain00367-fv saved
../../../remote/Data/descriptor/actioncliptrain00368
get DescriptorFromFile function to get fisher vector
../../../remote/Data/feats/mbh/actioncliptrain00368-fv saved
../../../remote/Data/descriptor/actioncliptrain00369
get DescriptorFromFile function to get fisher vector
../../../remote/Data/feats/mbh/actioncliptrain00369-fv saved
../../../remote/Data/descriptor/actioncliptrain00370
get DescriptorFromFile function to get fisher vector
../../../remote/Data/feats/mbh/actioncliptrain00370-fv saved
../../../remote/Data/descriptor/actioncliptrain00371
get DescriptorFromFile function to get fisher vector
../../../remote/Data/feats/mbh/actioncliptrain00371-fv saved
../../../remote/Data/descriptor/actioncliptrain00372
get DescriptorFromFile function to get fisher vector
../../../remote/Data/feats/mbh/actioncliptrain00372-fv saved
../../../remote/Data/descriptor/actioncliptrain00373
get DescriptorFromFile function to get fisher vector
../../../remote/Data/feats/mbh/actioncliptrain00373-fv saved
../../../remote/Data/descriptor/actioncliptrain00374
get DescriptorFromFile function to get fisher vector
../../../remote/Data/feats/mbh/actioncliptrain00374-fv saved
../../../remote/Data/descriptor/actioncliptrain00375
get DescriptorFromFile function to get fisher vector
../../../remote/Data/feats/mbh/actioncliptrain00375-fv saved
../../../remote/Data/descriptor/actioncliptrain00376
get DescriptorFromFile function to get fisher vector
../../../remote/Data/feats/mbh/actioncliptrain00376-fv saved
../../../remote/Data/descriptor/actioncliptrain00377
get DescriptorFromFile function to get fisher vector
../../../remote/Data/feats/mbh/actioncliptrain00377-fv saved
../../../remote/Data/descriptor/actioncliptrain00378
get DescriptorFromFile function to get fisher vector
../../../remote/Data/feats/mbh/actioncliptrain00378-fv saved
../../../remote/Data/descriptor/actioncliptrain00379
get DescriptorFromFile function to get fisher vector
../../../remote/Data/feats/mbh/actioncliptrain00379-fv saved
../../../remote/Data/descriptor/actioncliptrain00380
get DescriptorFromFile function to get fisher vector
../../../remote/Data/feats/mbh/actioncliptrain00380-fv saved
../../../remote/Data/descriptor/actioncliptrain00381
get DescriptorFromFile function to get fisher vector
../../../remote/Data/feats/mbh/actioncliptrain00381-fv saved
../../../remote/Data/descriptor/actioncliptrain00382
get DescriptorFromFile function to get fisher vector
../../../remote/Data/feats/mbh/actioncliptrain00382-fv saved
../../../remote/Data/descriptor/actioncliptrain00383
get DescriptorFromFile function to get fisher vector
../../../remote/Data/feats/mbh/actioncliptrain00383-fv saved
../../../remote/Data/descriptor/actioncliptrain00384
get DescriptorFromFile function to get fisher vector
../../../remote/Data/feats/mbh/actioncliptrain00384-fv saved
../../../remote/Data/descriptor/actioncliptrain00385
get DescriptorFromFile function to get fisher vector
../../../remote/Data/feats/mbh/actioncliptrain00385-fv saved
../../../remote/Data/descriptor/actioncliptrain00386
get DescriptorFromFile function to get fisher vector
../../../remote/Data/feats/mbh/actioncliptrain00386-fv saved
../../../remote/Data/descriptor/actioncliptrain00387
get DescriptorFromFile function to get fisher vector
../../../remote/Data/feats/mbh/actioncliptrain00387-fv saved
../../../remote/Data/descriptor/actioncliptrain00388
get DescriptorFromFile function to get fisher vector
../../../remote/Data/feats/mbh/actioncliptrain00388-fv saved
../../../remote/Data/descriptor/actioncliptrain00389
get DescriptorFromFile function to get fisher vector
../../../remote/Data/feats/mbh/actioncliptrain00389-fv saved
../../../remote/Data/descriptor/actioncliptrain00390
get DescriptorFromFile function to get fisher vector
../../../remote/Data/feats/mbh/actioncliptrain00390-fv saved
../../../remote/Data/descriptor/actioncliptrain00391
get DescriptorFromFile function to get fisher vector
../../../remote/Data/feats/mbh/actioncliptrain00391-fv saved
../../../remote/Data/descriptor/actioncliptrain00392
get DescriptorFromFile function to get fisher vector
../../../remote/Data/feats/mbh/actioncliptrain00392-fv saved
../../../remote/Data/descriptor/actioncliptrain00393
get DescriptorFromFile function to get fisher vector
../../../remote/Data/feats/mbh/actioncliptrain00393-fv saved
../../../remote/Data/descriptor/actioncliptrain00394
get DescriptorFromFile function to get fisher vector
../../../remote/Data/feats/mbh/actioncliptrain00394-fv saved
../../../remote/Data/descriptor/actioncliptrain00395
get DescriptorFromFile function to get fisher vector
../../../remote/Data/feats/mbh/actioncliptrain00395-fv saved
../../../remote/Data/descriptor/actioncliptrain00396
get DescriptorFromFile function to get fisher vector
../../../remote/Data/feats/mbh/actioncliptrain00396-fv saved
../../../remote/Data/descriptor/actioncliptrain00397
get DescriptorFromFile function to get fisher vector
../../../remote/Data/feats/mbh/actioncliptrain00397-fv saved
../../../remote/Data/descriptor/actioncliptrain00398
get DescriptorFromFile function to get fisher vector
../../../remote/Data/feats/mbh/actioncliptrain00398-fv saved
../../../remote/Data/descriptor/actioncliptrain00399
get DescriptorFromFile function to get fisher vector
../../../remote/Data/feats/mbh/actioncliptrain00399-fv saved
../../../remote/Data/descriptor/actioncliptrain00400
get DescriptorFromFile function to get fisher vector
../../../remote/Data/feats/mbh/actioncliptrain00400-fv saved
../../../remote/Data/descriptor/actioncliptrain00401
get DescriptorFromFile function to get fisher vector
../../../remote/Data/feats/mbh/actioncliptrain00401-fv saved
../../../remote/Data/descriptor/actioncliptrain00402
get DescriptorFromFile function to get fisher vector
../../../remote/Data/feats/mbh/actioncliptrain00402-fv saved
../../../remote/Data/descriptor/actioncliptrain00403
get DescriptorFromFile function to get fisher vector
../../../remote/Data/feats/mbh/actioncliptrain00403-fv saved
../../../remote/Data/descriptor/actioncliptrain00404
get DescriptorFromFile function to get fisher vector
../../../remote/Data/feats/mbh/actioncliptrain00404-fv saved
../../../remote/Data/descriptor/actioncliptrain00405
get DescriptorFromFile function to get fisher vector
../../../remote/Data/feats/mbh/actioncliptrain00405-fv saved
../../../remote/Data/descriptor/actioncliptrain00406
get DescriptorFromFile function to get fisher vector
../../../remote/Data/feats/mbh/actioncliptrain00406-fv saved
../../../remote/Data/descriptor/actioncliptrain00407
get DescriptorFromFile function to get fisher vector
../../../remote/Data/feats/mbh/actioncliptrain00407-fv saved
../../../remote/Data/descriptor/actioncliptrain00408
get DescriptorFromFile function to get fisher vector
../../../remote/Data/feats/mbh/actioncliptrain00408-fv saved
../../../remote/Data/descriptor/actioncliptrain00409
get DescriptorFromFile function to get fisher vector
../../../remote/Data/feats/mbh/actioncliptrain00409-fv saved
../../../remote/Data/descriptor/actioncliptrain00410
get DescriptorFromFile function to get fisher vector
../../../remote/Data/feats/mbh/actioncliptrain00410-fv saved
../../../remote/Data/descriptor/actioncliptrain00411
get DescriptorFromFile function to get fisher vector
../../../remote/Data/feats/mbh/actioncliptrain00411-fv saved
../../../remote/Data/descriptor/actioncliptrain00412
get DescriptorFromFile function to get fisher vector
../../../remote/Data/feats/mbh/actioncliptrain00412-fv saved
../../../remote/Data/descriptor/actioncliptrain00413
get DescriptorFromFile function to get fisher vector
../../../remote/Data/feats/mbh/actioncliptrain00413-fv saved
../../../remote/Data/descriptor/actioncliptrain00414
get DescriptorFromFile function to get fisher vector
../../../remote/Data/feats/mbh/actioncliptrain00414-fv saved
../../../remote/Data/descriptor/actioncliptrain00415
get DescriptorFromFile function to get fisher vector
../../../remote/Data/feats/mbh/actioncliptrain00415-fv saved
../../../remote/Data/descriptor/actioncliptrain00416
get DescriptorFromFile function to get fisher vector
../../../remote/Data/feats/mbh/actioncliptrain00416-fv saved
../../../remote/Data/descriptor/actioncliptrain00417
get DescriptorFromFile function to get fisher vector
../../../remote/Data/feats/mbh/actioncliptrain00417-fv saved
../../../remote/Data/descriptor/actioncliptrain00418
get DescriptorFromFile function to get fisher vector
../../../remote/Data/feats/mbh/actioncliptrain00418-fv saved
../../../remote/Data/descriptor/actioncliptrain00419
get DescriptorFromFile function to get fisher vector
../../../remote/Data/feats/mbh/actioncliptrain00419-fv saved
../../../remote/Data/descriptor/actioncliptrain00420
get DescriptorFromFile function to get fisher vector
../../../remote/Data/feats/mbh/actioncliptrain00420-fv saved
../../../remote/Data/descriptor/actioncliptrain00421
get DescriptorFromFile function to get fisher vector
../../../remote/Data/feats/mbh/actioncliptrain00421-fv saved
../../../remote/Data/descriptor/actioncliptrain00422
get DescriptorFromFile function to get fisher vector
../../../remote/Data/feats/mbh/actioncliptrain00422-fv saved
../../../remote/Data/descriptor/actioncliptrain00423
get DescriptorFromFile function to get fisher vector
../../../remote/Data/feats/mbh/actioncliptrain00423-fv saved
../../../remote/Data/descriptor/actioncliptrain00424
get DescriptorFromFile function to get fisher vector
../../../remote/Data/feats/mbh/actioncliptrain00424-fv saved
../../../remote/Data/descriptor/actioncliptrain00425
get DescriptorFromFile function to get fisher vector
../../../remote/Data/feats/mbh/actioncliptrain00425-fv saved
../../../remote/Data/descriptor/actioncliptrain00426
get DescriptorFromFile function to get fisher vector
../../../remote/Data/feats/mbh/actioncliptrain00426-fv saved
../../../remote/Data/descriptor/actioncliptrain00427
get DescriptorFromFile function to get fisher vector
../../../remote/Data/feats/mbh/actioncliptrain00427-fv saved
../../../remote/Data/descriptor/actioncliptrain00428
get DescriptorFromFile function to get fisher vector
../../../remote/Data/feats/mbh/actioncliptrain00428-fv saved
../../../remote/Data/descriptor/actioncliptrain00429
get DescriptorFromFile function to get fisher vector
../../../remote/Data/feats/mbh/actioncliptrain00429-fv saved
../../../remote/Data/descriptor/actioncliptrain00430
get DescriptorFromFile function to get fisher vector
../../../remote/Data/feats/mbh/actioncliptrain00430-fv saved
../../../remote/Data/descriptor/actioncliptrain00431
get DescriptorFromFile function to get fisher vector
../../../remote/Data/feats/mbh/actioncliptrain00431-fv saved
../../../remote/Data/descriptor/actioncliptrain00432
get DescriptorFromFile function to get fisher vector
../../../remote/Data/feats/mbh/actioncliptrain00432-fv saved
../../../remote/Data/descriptor/actioncliptrain00433
get DescriptorFromFile function to get fisher vector
../../../remote/Data/feats/mbh/actioncliptrain00433-fv saved
../../../remote/Data/descriptor/actioncliptrain00434
get DescriptorFromFile function to get fisher vector
../../../remote/Data/feats/mbh/actioncliptrain00434-fv saved
../../../remote/Data/descriptor/actioncliptrain00435
get DescriptorFromFile function to get fisher vector
../../../remote/Data/feats/mbh/actioncliptrain00435-fv saved
../../../remote/Data/descriptor/actioncliptrain00436
get DescriptorFromFile function to get fisher vector
../../../remote/Data/feats/mbh/actioncliptrain00436-fv saved
../../../remote/Data/descriptor/actioncliptrain00437
get DescriptorFromFile function to get fisher vector
../../../remote/Data/feats/mbh/actioncliptrain00437-fv saved
../../../remote/Data/descriptor/actioncliptrain00438
get DescriptorFromFile function to get fisher vector
../../../remote/Data/feats/mbh/actioncliptrain00438-fv saved
../../../remote/Data/descriptor/actioncliptrain00439
get DescriptorFromFile function to get fisher vector
../../../remote/Data/feats/mbh/actioncliptrain00439-fv saved
../../../remote/Data/descriptor/actioncliptrain00440
get DescriptorFromFile function to get fisher vector
../../../remote/Data/feats/mbh/actioncliptrain00440-fv saved
../../../remote/Data/descriptor/actioncliptrain00441
get DescriptorFromFile function to get fisher vector
../../../remote/Data/feats/mbh/actioncliptrain00441-fv saved
../../../remote/Data/descriptor/actioncliptrain00442
get DescriptorFromFile function to get fisher vector
../../../remote/Data/feats/mbh/actioncliptrain00442-fv saved
../../../remote/Data/descriptor/actioncliptrain00443
get DescriptorFromFile function to get fisher vector
../../../remote/Data/feats/mbh/actioncliptrain00443-fv saved
../../../remote/Data/descriptor/actioncliptrain00444
get DescriptorFromFile function to get fisher vector
../../../remote/Data/feats/mbh/actioncliptrain00444-fv saved
../../../remote/Data/descriptor/actioncliptrain00445
get DescriptorFromFile function to get fisher vector
../../../remote/Data/feats/mbh/actioncliptrain00445-fv saved
../../../remote/Data/descriptor/actioncliptrain00446
get DescriptorFromFile function to get fisher vector
../../../remote/Data/feats/mbh/actioncliptrain00446-fv saved
../../../remote/Data/descriptor/actioncliptrain00447
get DescriptorFromFile function to get fisher vector
../../../remote/Data/feats/mbh/actioncliptrain00447-fv saved
../../../remote/Data/descriptor/actioncliptrain00448
get DescriptorFromFile function to get fisher vector
../../../remote/Data/feats/mbh/actioncliptrain00448-fv saved
../../../remote/Data/descriptor/actioncliptrain00449
get DescriptorFromFile function to get fisher vector
../../../remote/Data/feats/mbh/actioncliptrain00449-fv saved
../../../remote/Data/descriptor/actioncliptrain00450
get DescriptorFromFile function to get fisher vector
../../../remote/Data/feats/mbh/actioncliptrain00450-fv saved
../../../remote/Data/descriptor/actioncliptrain00451
get DescriptorFromFile function to get fisher vector
../../../remote/Data/feats/mbh/actioncliptrain00451-fv saved
../../../remote/Data/descriptor/actioncliptrain00452
get DescriptorFromFile function to get fisher vector
../../../remote/Data/feats/mbh/actioncliptrain00452-fv saved
../../../remote/Data/descriptor/actioncliptrain00453
get DescriptorFromFile function to get fisher vector
../../../remote/Data/feats/mbh/actioncliptrain00453-fv saved
../../../remote/Data/descriptor/actioncliptrain00454
get DescriptorFromFile function to get fisher vector
../../../remote/Data/feats/mbh/actioncliptrain00454-fv saved
../../../remote/Data/descriptor/actioncliptrain00455
get DescriptorFromFile function to get fisher vector
../../../remote/Data/feats/mbh/actioncliptrain00455-fv saved
../../../remote/Data/descriptor/actioncliptrain00456
get DescriptorFromFile function to get fisher vector
../../../remote/Data/feats/mbh/actioncliptrain00456-fv saved
../../../remote/Data/descriptor/actioncliptrain00457
get DescriptorFromFile function to get fisher vector
../../../remote/Data/feats/mbh/actioncliptrain00457-fv saved
../../../remote/Data/descriptor/actioncliptrain00458
get DescriptorFromFile function to get fisher vector
../../../remote/Data/feats/mbh/actioncliptrain00458-fv saved
../../../remote/Data/descriptor/actioncliptrain00459
get DescriptorFromFile function to get fisher vector
../../../remote/Data/feats/mbh/actioncliptrain00459-fv saved
../../../remote/Data/descriptor/actioncliptrain00460
get DescriptorFromFile function to get fisher vector
../../../remote/Data/feats/mbh/actioncliptrain00460-fv saved
../../../remote/Data/descriptor/actioncliptrain00461
get DescriptorFromFile function to get fisher vector
../../../remote/Data/feats/mbh/actioncliptrain00461-fv saved
../../../remote/Data/descriptor/actioncliptrain00462
get DescriptorFromFile function to get fisher vector
../../../remote/Data/feats/mbh/actioncliptrain00462-fv saved
../../../remote/Data/descriptor/actioncliptrain00463
get DescriptorFromFile function to get fisher vector
../../../remote/Data/feats/mbh/actioncliptrain00463-fv saved
../../../remote/Data/descriptor/actioncliptrain00464
get DescriptorFromFile function to get fisher vector
../../../remote/Data/feats/mbh/actioncliptrain00464-fv saved
../../../remote/Data/descriptor/actioncliptrain00465
get DescriptorFromFile function to get fisher vector
../../../remote/Data/feats/mbh/actioncliptrain00465-fv saved
../../../remote/Data/descriptor/actioncliptrain00466
get DescriptorFromFile function to get fisher vector
../../../remote/Data/feats/mbh/actioncliptrain00466-fv saved
../../../remote/Data/descriptor/actioncliptrain00467
get DescriptorFromFile function to get fisher vector
../../../remote/Data/feats/mbh/actioncliptrain00467-fv saved
../../../remote/Data/descriptor/actioncliptrain00468
get DescriptorFromFile function to get fisher vector
../../../remote/Data/feats/mbh/actioncliptrain00468-fv saved
../../../remote/Data/descriptor/actioncliptrain00469
get DescriptorFromFile function to get fisher vector
../../../remote/Data/feats/mbh/actioncliptrain00469-fv saved
../../../remote/Data/descriptor/actioncliptrain00470
get DescriptorFromFile function to get fisher vector
../../../remote/Data/feats/mbh/actioncliptrain00470-fv saved
../../../remote/Data/descriptor/actioncliptrain00471
get DescriptorFromFile function to get fisher vector
../../../remote/Data/feats/mbh/actioncliptrain00471-fv saved
../../../remote/Data/descriptor/actioncliptrain00472
get DescriptorFromFile function to get fisher vector
../../../remote/Data/feats/mbh/actioncliptrain00472-fv saved
../../../remote/Data/descriptor/actioncliptrain00473
get DescriptorFromFile function to get fisher vector
../../../remote/Data/feats/mbh/actioncliptrain00473-fv saved
../../../remote/Data/descriptor/actioncliptrain00474
get DescriptorFromFile function to get fisher vector
../../../remote/Data/feats/mbh/actioncliptrain00474-fv saved
../../../remote/Data/descriptor/actioncliptrain00475
get DescriptorFromFile function to get fisher vector
../../../remote/Data/feats/mbh/actioncliptrain00475-fv saved
../../../remote/Data/descriptor/actioncliptrain00476
get DescriptorFromFile function to get fisher vector
../../../remote/Data/feats/mbh/actioncliptrain00476-fv saved
../../../remote/Data/descriptor/actioncliptrain00477
get DescriptorFromFile function to get fisher vector
../../../remote/Data/feats/mbh/actioncliptrain00477-fv saved
../../../remote/Data/descriptor/actioncliptrain00478
get DescriptorFromFile function to get fisher vector
../../../remote/Data/feats/mbh/actioncliptrain00478-fv saved
../../../remote/Data/descriptor/actioncliptrain00479
get DescriptorFromFile function to get fisher vector
../../../remote/Data/feats/mbh/actioncliptrain00479-fv saved
../../../remote/Data/descriptor/actioncliptrain00480
get DescriptorFromFile function to get fisher vector
../../../remote/Data/feats/mbh/actioncliptrain00480-fv saved
../../../remote/Data/descriptor/actioncliptrain00481
get DescriptorFromFile function to get fisher vector
../../../remote/Data/feats/mbh/actioncliptrain00481-fv saved
../../../remote/Data/descriptor/actioncliptrain00482
get DescriptorFromFile function to get fisher vector
../../../remote/Data/feats/mbh/actioncliptrain00482-fv saved
../../../remote/Data/descriptor/actioncliptrain00483
get DescriptorFromFile function to get fisher vector
../../../remote/Data/feats/mbh/actioncliptrain00483-fv saved
../../../remote/Data/descriptor/actioncliptrain00484
get DescriptorFromFile function to get fisher vector
../../../remote/Data/feats/mbh/actioncliptrain00484-fv saved
../../../remote/Data/descriptor/actioncliptrain00485
get DescriptorFromFile function to get fisher vector
../../../remote/Data/feats/mbh/actioncliptrain00485-fv saved
../../../remote/Data/descriptor/actioncliptrain00486
get DescriptorFromFile function to get fisher vector
../../../remote/Data/feats/mbh/actioncliptrain00486-fv saved
../../../remote/Data/descriptor/actioncliptrain00487
get DescriptorFromFile function to get fisher vector
../../../remote/Data/feats/mbh/actioncliptrain00487-fv saved
../../../remote/Data/descriptor/actioncliptrain00488
get DescriptorFromFile function to get fisher vector
../../../remote/Data/feats/mbh/actioncliptrain00488-fv saved
../../../remote/Data/descriptor/actioncliptrain00489
get DescriptorFromFile function to get fisher vector
../../../remote/Data/feats/mbh/actioncliptrain00489-fv saved
../../../remote/Data/descriptor/actioncliptrain00490
get DescriptorFromFile function to get fisher vector
../../../remote/Data/feats/mbh/actioncliptrain00490-fv saved
../../../remote/Data/descriptor/actioncliptrain00491
get DescriptorFromFile function to get fisher vector
../../../remote/Data/feats/mbh/actioncliptrain00491-fv saved
../../../remote/Data/descriptor/actioncliptrain00492
get DescriptorFromFile function to get fisher vector
../../../remote/Data/feats/mbh/actioncliptrain00492-fv saved
../../../remote/Data/descriptor/actioncliptrain00493
get DescriptorFromFile function to get fisher vector
../../../remote/Data/feats/mbh/actioncliptrain00493-fv saved
../../../remote/Data/descriptor/actioncliptrain00494
get DescriptorFromFile function to get fisher vector
../../../remote/Data/feats/mbh/actioncliptrain00494-fv saved
../../../remote/Data/descriptor/actioncliptrain00495
get DescriptorFromFile function to get fisher vector
../../../remote/Data/feats/mbh/actioncliptrain00495-fv saved
../../../remote/Data/descriptor/actioncliptrain00496
get DescriptorFromFile function to get fisher vector
../../../remote/Data/feats/mbh/actioncliptrain00496-fv saved
../../../remote/Data/descriptor/actioncliptrain00497
get DescriptorFromFile function to get fisher vector
../../../remote/Data/feats/mbh/actioncliptrain00497-fv saved
../../../remote/Data/descriptor/actioncliptrain00498
get DescriptorFromFile function to get fisher vector
../../../remote/Data/feats/mbh/actioncliptrain00498-fv saved
../../../remote/Data/descriptor/actioncliptrain00499
get DescriptorFromFile function to get fisher vector
../../../remote/Data/feats/mbh/actioncliptrain00499-fv saved
../../../remote/Data/descriptor/actioncliptrain00500
get DescriptorFromFile function to get fisher vector
../../../remote/Data/feats/mbh/actioncliptrain00500-fv saved
../../../remote/Data/descriptor/actioncliptrain00501
get DescriptorFromFile function to get fisher vector
../../../remote/Data/feats/mbh/actioncliptrain00501-fv saved
../../../remote/Data/descriptor/actioncliptrain00502
get DescriptorFromFile function to get fisher vector
../../../remote/Data/feats/mbh/actioncliptrain00502-fv saved
../../../remote/Data/descriptor/actioncliptrain00503
get DescriptorFromFile function to get fisher vector
../../../remote/Data/feats/mbh/actioncliptrain00503-fv saved
../../../remote/Data/descriptor/actioncliptrain00504
get DescriptorFromFile function to get fisher vector
../../../remote/Data/feats/mbh/actioncliptrain00504-fv saved
../../../remote/Data/descriptor/actioncliptrain00505
get DescriptorFromFile function to get fisher vector
../../../remote/Data/feats/mbh/actioncliptrain00505-fv saved
../../../remote/Data/descriptor/actioncliptrain00506
get DescriptorFromFile function to get fisher vector
../../../remote/Data/feats/mbh/actioncliptrain00506-fv saved
../../../remote/Data/descriptor/actioncliptrain00507
get DescriptorFromFile function to get fisher vector
../../../remote/Data/feats/mbh/actioncliptrain00507-fv saved
../../../remote/Data/descriptor/actioncliptrain00508
get DescriptorFromFile function to get fisher vector
../../../remote/Data/feats/mbh/actioncliptrain00508-fv saved
../../../remote/Data/descriptor/actioncliptrain00509
get DescriptorFromFile function to get fisher vector
../../../remote/Data/feats/mbh/actioncliptrain00509-fv saved
../../../remote/Data/descriptor/actioncliptrain00510
get DescriptorFromFile function to get fisher vector
../../../remote/Data/feats/mbh/actioncliptrain00510-fv saved
../../../remote/Data/descriptor/actioncliptrain00511
get DescriptorFromFile function to get fisher vector
../../../remote/Data/feats/mbh/actioncliptrain00511-fv saved
../../../remote/Data/descriptor/actioncliptrain00512
get DescriptorFromFile function to get fisher vector
../../../remote/Data/feats/mbh/actioncliptrain00512-fv saved
../../../remote/Data/descriptor/actioncliptrain00513
get DescriptorFromFile function to get fisher vector
../../../remote/Data/feats/mbh/actioncliptrain00513-fv saved
../../../remote/Data/descriptor/actioncliptrain00514
get DescriptorFromFile function to get fisher vector
../../../remote/Data/feats/mbh/actioncliptrain00514-fv saved
../../../remote/Data/descriptor/actioncliptrain00515
get DescriptorFromFile function to get fisher vector
../../../remote/Data/feats/mbh/actioncliptrain00515-fv saved
../../../remote/Data/descriptor/actioncliptrain00516
get DescriptorFromFile function to get fisher vector
../../../remote/Data/feats/mbh/actioncliptrain00516-fv saved
../../../remote/Data/descriptor/actioncliptrain00517
get DescriptorFromFile function to get fisher vector
../../../remote/Data/feats/mbh/actioncliptrain00517-fv saved
../../../remote/Data/descriptor/actioncliptrain00518
get DescriptorFromFile function to get fisher vector
../../../remote/Data/feats/mbh/actioncliptrain00518-fv saved
../../../remote/Data/descriptor/actioncliptrain00519
get DescriptorFromFile function to get fisher vector
../../../remote/Data/feats/mbh/actioncliptrain00519-fv saved
../../../remote/Data/descriptor/actioncliptrain00520
get DescriptorFromFile function to get fisher vector
../../../remote/Data/feats/mbh/actioncliptrain00520-fv saved
../../../remote/Data/descriptor/actioncliptrain00521
get DescriptorFromFile function to get fisher vector
../../../remote/Data/feats/mbh/actioncliptrain00521-fv saved
../../../remote/Data/descriptor/actioncliptrain00522
get DescriptorFromFile function to get fisher vector
../../../remote/Data/feats/mbh/actioncliptrain00522-fv saved
../../../remote/Data/descriptor/actioncliptrain00523
get DescriptorFromFile function to get fisher vector
../../../remote/Data/feats/mbh/actioncliptrain00523-fv saved
../../../remote/Data/descriptor/actioncliptrain00524
get DescriptorFromFile function to get fisher vector
../../../remote/Data/feats/mbh/actioncliptrain00524-fv saved
../../../remote/Data/descriptor/actioncliptrain00525
get DescriptorFromFile function to get fisher vector
../../../remote/Data/feats/mbh/actioncliptrain00525-fv saved
../../../remote/Data/descriptor/actioncliptrain00526
get DescriptorFromFile function to get fisher vector
../../../remote/Data/feats/mbh/actioncliptrain00526-fv saved
../../../remote/Data/descriptor/actioncliptrain00527
get DescriptorFromFile function to get fisher vector
../../../remote/Data/feats/mbh/actioncliptrain00527-fv saved
../../../remote/Data/descriptor/actioncliptrain00528
get DescriptorFromFile function to get fisher vector
../../../remote/Data/feats/mbh/actioncliptrain00528-fv saved
../../../remote/Data/descriptor/actioncliptrain00529
get DescriptorFromFile function to get fisher vector
../../../remote/Data/feats/mbh/actioncliptrain00529-fv saved
../../../remote/Data/descriptor/actioncliptrain00530
get DescriptorFromFile function to get fisher vector
../../../remote/Data/feats/mbh/actioncliptrain00530-fv saved
../../../remote/Data/descriptor/actioncliptrain00531
get DescriptorFromFile function to get fisher vector
../../../remote/Data/feats/mbh/actioncliptrain00531-fv saved
../../../remote/Data/descriptor/actioncliptrain00532
get DescriptorFromFile function to get fisher vector
../../../remote/Data/feats/mbh/actioncliptrain00532-fv saved
../../../remote/Data/descriptor/actioncliptrain00533
get DescriptorFromFile function to get fisher vector
../../../remote/Data/feats/mbh/actioncliptrain00533-fv saved
../../../remote/Data/descriptor/actioncliptrain00534
get DescriptorFromFile function to get fisher vector
../../../remote/Data/feats/mbh/actioncliptrain00534-fv saved
../../../remote/Data/descriptor/actioncliptrain00535
get DescriptorFromFile function to get fisher vector
../../../remote/Data/feats/mbh/actioncliptrain00535-fv saved
../../../remote/Data/descriptor/actioncliptrain00536
get DescriptorFromFile function to get fisher vector
../../../remote/Data/feats/mbh/actioncliptrain00536-fv saved
../../../remote/Data/descriptor/actioncliptrain00537
get DescriptorFromFile function to get fisher vector
../../../remote/Data/feats/mbh/actioncliptrain00537-fv saved
../../../remote/Data/descriptor/actioncliptrain00538
get DescriptorFromFile function to get fisher vector
../../../remote/Data/feats/mbh/actioncliptrain00538-fv saved
../../../remote/Data/descriptor/actioncliptrain00539
get DescriptorFromFile function to get fisher vector
../../../remote/Data/feats/mbh/actioncliptrain00539-fv saved
../../../remote/Data/descriptor/actioncliptrain00540
get DescriptorFromFile function to get fisher vector
../../../remote/Data/feats/mbh/actioncliptrain00540-fv saved
../../../remote/Data/descriptor/actioncliptrain00541
get DescriptorFromFile function to get fisher vector
../../../remote/Data/feats/mbh/actioncliptrain00541-fv saved
../../../remote/Data/descriptor/actioncliptrain00542
get DescriptorFromFile function to get fisher vector
../../../remote/Data/feats/mbh/actioncliptrain00542-fv saved
../../../remote/Data/descriptor/actioncliptrain00543
get DescriptorFromFile function to get fisher vector
../../../remote/Data/feats/mbh/actioncliptrain00543-fv saved
../../../remote/Data/descriptor/actioncliptrain00544
get DescriptorFromFile function to get fisher vector
../../../remote/Data/feats/mbh/actioncliptrain00544-fv saved
../../../remote/Data/descriptor/actioncliptrain00545
get DescriptorFromFile function to get fisher vector
../../../remote/Data/feats/mbh/actioncliptrain00545-fv saved
../../../remote/Data/descriptor/actioncliptrain00546
get DescriptorFromFile function to get fisher vector
../../../remote/Data/feats/mbh/actioncliptrain00546-fv saved
../../../remote/Data/descriptor/actioncliptrain00547
get DescriptorFromFile function to get fisher vector
../../../remote/Data/feats/mbh/actioncliptrain00547-fv saved
../../../remote/Data/descriptor/actioncliptrain00548
get DescriptorFromFile function to get fisher vector
../../../remote/Data/feats/mbh/actioncliptrain00548-fv saved
../../../remote/Data/descriptor/actioncliptrain00549
get DescriptorFromFile function to get fisher vector
../../../remote/Data/feats/mbh/actioncliptrain00549-fv saved
../../../remote/Data/descriptor/actioncliptrain00550
get DescriptorFromFile function to get fisher vector
../../../remote/Data/feats/mbh/actioncliptrain00550-fv saved
../../../remote/Data/descriptor/actioncliptrain00551
get DescriptorFromFile function to get fisher vector
../../../remote/Data/feats/mbh/actioncliptrain00551-fv saved
../../../remote/Data/descriptor/actioncliptrain00552
get DescriptorFromFile function to get fisher vector
../../../remote/Data/feats/mbh/actioncliptrain00552-fv saved
../../../remote/Data/descriptor/actioncliptrain00553
get DescriptorFromFile function to get fisher vector
../../../remote/Data/feats/mbh/actioncliptrain00553-fv saved
../../../remote/Data/descriptor/actioncliptrain00554
get DescriptorFromFile function to get fisher vector
../../../remote/Data/feats/mbh/actioncliptrain00554-fv saved
../../../remote/Data/descriptor/actioncliptrain00555
get DescriptorFromFile function to get fisher vector
../../../remote/Data/feats/mbh/actioncliptrain00555-fv saved
../../../remote/Data/descriptor/actioncliptrain00556
get DescriptorFromFile function to get fisher vector
../../../remote/Data/feats/mbh/actioncliptrain00556-fv saved
../../../remote/Data/descriptor/actioncliptrain00557
get DescriptorFromFile function to get fisher vector
../../../remote/Data/feats/mbh/actioncliptrain00557-fv saved
../../../remote/Data/descriptor/actioncliptrain00558
get DescriptorFromFile function to get fisher vector
../../../remote/Data/feats/mbh/actioncliptrain00558-fv saved
../../../remote/Data/descriptor/actioncliptrain00559
get DescriptorFromFile function to get fisher vector
../../../remote/Data/feats/mbh/actioncliptrain00559-fv saved
../../../remote/Data/descriptor/actioncliptrain00560
get DescriptorFromFile function to get fisher vector
../../../remote/Data/feats/mbh/actioncliptrain00560-fv saved
../../../remote/Data/descriptor/actioncliptrain00561
get DescriptorFromFile function to get fisher vector
../../../remote/Data/feats/mbh/actioncliptrain00561-fv saved
../../../remote/Data/descriptor/actioncliptrain00562
get DescriptorFromFile function to get fisher vector
../../../remote/Data/feats/mbh/actioncliptrain00562-fv saved
../../../remote/Data/descriptor/actioncliptrain00563
get DescriptorFromFile function to get fisher vector
../../../remote/Data/feats/mbh/actioncliptrain00563-fv saved
../../../remote/Data/descriptor/actioncliptrain00564
get DescriptorFromFile function to get fisher vector
../../../remote/Data/feats/mbh/actioncliptrain00564-fv saved
../../../remote/Data/descriptor/actioncliptrain00565
get DescriptorFromFile function to get fisher vector
../../../remote/Data/feats/mbh/actioncliptrain00565-fv saved
../../../remote/Data/descriptor/actioncliptrain00566
get DescriptorFromFile function to get fisher vector
../../../remote/Data/feats/mbh/actioncliptrain00566-fv saved
../../../remote/Data/descriptor/actioncliptrain00567
get DescriptorFromFile function to get fisher vector
../../../remote/Data/feats/mbh/actioncliptrain00567-fv saved
../../../remote/Data/descriptor/actioncliptrain00568
get DescriptorFromFile function to get fisher vector
../../../remote/Data/feats/mbh/actioncliptrain00568-fv saved
../../../remote/Data/descriptor/actioncliptrain00569
get DescriptorFromFile function to get fisher vector
../../../remote/Data/feats/mbh/actioncliptrain00569-fv saved
../../../remote/Data/descriptor/actioncliptrain00570
get DescriptorFromFile function to get fisher vector
../../../remote/Data/feats/mbh/actioncliptrain00570-fv saved
../../../remote/Data/descriptor/actioncliptrain00571
